<?xml version="1.0" encoding="UTF-8"?>
<!-- Generated by org.testng.reporters.JUnitXMLReporter -->
<testsuite ignored="0" hostname="Debasishs-MacBook-Air.local" failures="0" tests="4" name="Test" time="230.512" errors="0" timestamp="2024-09-01T19:47:20 IST">
  <testcase classname="in.debasish.generalStore.TC10_GeneralStoreAppTest" name="addtoCart" time="33.915"/>
  <testcase classname="in.debasish.generalStore.TC8_GeneralStoreAppTest" name="toastMsgValidation" time="31.899"/>
  <testcase classname="in.debasish.generalStore.TC7_GeneralStoreAppTest" name="fillForm" time="35.302"/>
  <testcase classname="in.debasish.generalStore.TC9_GeneralStoreAppTest" name="addtoCart" time="78.836"/>
</testsuite> <!-- Test -->
