<?xml version="1.0" encoding="UTF-8"?>
<testng-results ignored="0" total="4" passed="4" failed="0" skipped="0">
  <reporter-output>
  </reporter-output>
  <suite started-at="2024-09-01T19:43:30 IST" name="Suite" finished-at="2024-09-01T19:47:20 IST" duration-ms="230512">
    <groups>
    </groups>
    <test started-at="2024-09-01T19:43:30 IST" name="Test" finished-at="2024-09-01T19:47:20 IST" duration-ms="230512">
      <class name="in.debasish.generalStore.TC9_GeneralStoreAppTest">
        <test-method is-config="true" signature="configureAppiumServer(java.lang.String)[pri:0, instance:in.debasish.generalStore.TC9_GeneralStoreAppTest@13e39c73]" started-at="2024-09-01T19:45:49 IST" name="configureAppiumServer" finished-at="2024-09-01T19:45:57 IST" duration-ms="7687" status="PASS">
          <params>
            <param index="0">
              <value>
                <![CDATA[//Users//debasishpruseth//Downloads//General-Store.apk]]>
              </value>
            </param>
          </params>
          <reporter-output>
          </reporter-output>
        </test-method> <!-- configureAppiumServer -->
        <test-method signature="addtoCart()[pri:0, instance:in.debasish.generalStore.TC9_GeneralStoreAppTest@13e39c73]" started-at="2024-09-01T19:45:57 IST" name="addtoCart" finished-at="2024-09-01T19:47:15 IST" duration-ms="78836" status="PASS">
          <reporter-output>
          </reporter-output>
        </test-method> <!-- addtoCart -->
        <test-method is-config="true" signature="tearDown()[pri:0, instance:in.debasish.generalStore.TC9_GeneralStoreAppTest@13e39c73]" started-at="2024-09-01T19:47:15 IST" name="tearDown" finished-at="2024-09-01T19:47:20 IST" duration-ms="5025" status="PASS">
          <reporter-output>
          </reporter-output>
        </test-method> <!-- tearDown -->
      </class> <!-- in.debasish.generalStore.TC9_GeneralStoreAppTest -->
      <class name="in.debasish.generalStore.TC8_GeneralStoreAppTest">
        <test-method is-config="true" signature="configureAppiumServer(java.lang.String)[pri:0, instance:in.debasish.generalStore.TC8_GeneralStoreAppTest@57c758ac]" started-at="2024-09-01T19:44:18 IST" name="configureAppiumServer" finished-at="2024-09-01T19:44:26 IST" duration-ms="7402" status="PASS">
          <params>
            <param index="0">
              <value>
                <![CDATA[//Users//debasishpruseth//Downloads//General-Store.apk]]>
              </value>
            </param>
          </params>
          <reporter-output>
          </reporter-output>
        </test-method> <!-- configureAppiumServer -->
        <test-method signature="toastMsgValidation()[pri:0, instance:in.debasish.generalStore.TC8_GeneralStoreAppTest@57c758ac]" started-at="2024-09-01T19:44:26 IST" name="toastMsgValidation" finished-at="2024-09-01T19:44:58 IST" duration-ms="31899" status="PASS">
          <reporter-output>
          </reporter-output>
        </test-method> <!-- toastMsgValidation -->
        <test-method is-config="true" signature="tearDown()[pri:0, instance:in.debasish.generalStore.TC8_GeneralStoreAppTest@57c758ac]" started-at="2024-09-01T19:44:58 IST" name="tearDown" finished-at="2024-09-01T19:45:02 IST" duration-ms="4196" status="PASS">
          <reporter-output>
          </reporter-output>
        </test-method> <!-- tearDown -->
      </class> <!-- in.debasish.generalStore.TC8_GeneralStoreAppTest -->
      <class name="in.debasish.generalStore.TC10_GeneralStoreAppTest">
        <test-method is-config="true" signature="configureAppiumServer(java.lang.String)[pri:0, instance:in.debasish.generalStore.TC10_GeneralStoreAppTest@4b0b0854]" started-at="2024-09-01T19:43:30 IST" name="configureAppiumServer" finished-at="2024-09-01T19:43:39 IST" duration-ms="9429" status="PASS">
          <params>
            <param index="0">
              <value>
                <![CDATA[//Users//debasishpruseth//Downloads//General-Store.apk]]>
              </value>
            </param>
          </params>
          <reporter-output>
          </reporter-output>
        </test-method> <!-- configureAppiumServer -->
        <test-method signature="addtoCart()[pri:0, instance:in.debasish.generalStore.TC10_GeneralStoreAppTest@4b0b0854]" started-at="2024-09-01T19:43:39 IST" name="addtoCart" finished-at="2024-09-01T19:44:13 IST" duration-ms="33915" status="PASS">
          <reporter-output>
          </reporter-output>
        </test-method> <!-- addtoCart -->
        <test-method is-config="true" signature="tearDown()[pri:0, instance:in.debasish.generalStore.TC10_GeneralStoreAppTest@4b0b0854]" started-at="2024-09-01T19:44:13 IST" name="tearDown" finished-at="2024-09-01T19:44:18 IST" duration-ms="4889" status="PASS">
          <reporter-output>
          </reporter-output>
        </test-method> <!-- tearDown -->
      </class> <!-- in.debasish.generalStore.TC10_GeneralStoreAppTest -->
      <class name="in.debasish.generalStore.TC7_GeneralStoreAppTest">
        <test-method is-config="true" signature="configureAppiumServer(java.lang.String)[pri:0, instance:in.debasish.generalStore.TC7_GeneralStoreAppTest@a9cd3b1]" started-at="2024-09-01T19:45:02 IST" name="configureAppiumServer" finished-at="2024-09-01T19:45:09 IST" duration-ms="7646" status="PASS">
          <params>
            <param index="0">
              <value>
                <![CDATA[//Users//debasishpruseth//Downloads//General-Store.apk]]>
              </value>
            </param>
          </params>
          <reporter-output>
          </reporter-output>
        </test-method> <!-- configureAppiumServer -->
        <test-method signature="fillForm()[pri:0, instance:in.debasish.generalStore.TC7_GeneralStoreAppTest@a9cd3b1]" started-at="2024-09-01T19:45:09 IST" name="fillForm" finished-at="2024-09-01T19:45:45 IST" duration-ms="35302" status="PASS">
          <reporter-output>
          </reporter-output>
        </test-method> <!-- fillForm -->
        <test-method is-config="true" signature="tearDown()[pri:0, instance:in.debasish.generalStore.TC7_GeneralStoreAppTest@a9cd3b1]" started-at="2024-09-01T19:45:45 IST" name="tearDown" finished-at="2024-09-01T19:45:49 IST" duration-ms="4244" status="PASS">
          <reporter-output>
          </reporter-output>
        </test-method> <!-- tearDown -->
      </class> <!-- in.debasish.generalStore.TC7_GeneralStoreAppTest -->
    </test> <!-- Test -->
  </suite> <!-- Suite -->
</testng-results>
