<?xml version="1.0" encoding="UTF-8"?>
<testsuite xmlns:xsi="http://www.w3.org/2001/XMLSchema-instance" xsi:noNamespaceSchemaLocation="https://maven.apache.org/surefire/maven-surefire-plugin/xsd/surefire-test-report-3.0.xsd" version="3.0" name="TestSuite" time="230.798" tests="4" errors="0" skipped="0" failures="0">
  <properties>
[...]
</properties>
  <testcase name="addtoCart" classname="in.debasish.generalStore.TC10_GeneralStoreAppTest" time="33.935">
    <system-out><![CDATA[&amp#27;[35m[Appium]&amp#27;[39m Welcome to Appium v2.5.4 (REV abc0584215659c5a8716d0798ea2801388d01368)
&amp#27;[35m[Appium]&amp#27;[39m Non-default server args:
&amp#27;[35m[Appium]&amp#27;[39m { port: &amp#27;[33m4722&amp#27;[39m }
&amp#27;[35m[Appium]&amp#27;[39m The autodetected Appium home path: /Users/debasishpruseth/.appium
&amp#27;[35m[Appium]&amp#27;[39m Attempting to load driver uiautomator2...
&amp#27;[35m[Appium]&amp#27;[39m Attempting to load driver xcuitest...
&amp#27;[35m[Appium]&amp#27;[39m Requiring driver at /Users/debasishpruseth/.appium/node_modules/appium-uiautomator2-driver/build/index.js
&amp#27;[35m[Appium]&amp#27;[39m Requiring driver at /Users/debasishpruseth/.appium/node_modules/appium-xcuitest-driver/build/index.js
&amp#27;[35m[Appium]&amp#27;[39m AndroidUiautomator2Driver has been successfully loaded in 1.557s
&amp#27;[35m[Appium]&amp#27;[39m XCUITestDriver has been successfully loaded in 1.557s
&amp#27;[35m[Appium]&amp#27;[39m Appium REST http interface listener started on http://0.0.0.0:4722
&amp#27;[35m[Appium]&amp#27;[39m You can provide the following URLs in your client code to connect to this server:
&amp#27;[35m[Appium]&amp#27;[39m 	http://127.0.0.1:4722/ (only accessible from the same host)
&amp#27;[35m[Appium]&amp#27;[39m 	http://192.168.0.102:4722/
&amp#27;[35m[Appium]&amp#27;[39m Available drivers:
&amp#27;[35m[Appium]&amp#27;[39m   - uiautomator2@3.7.3 (automationName 'UiAutomator2')
&amp#27;[35m[Appium]&amp#27;[39m   - xcuitest@7.24.12 (automationName 'XCUITest')
&amp#27;[35m[Appium]&amp#27;[39m No plugins have been installed. Use the "appium plugin" command to install the one(s) you want to use.
&amp#27;[38;5;0m[HTTP]&amp#27;[0m &amp#27;[37m-->&amp#27;[39m &amp#27;[37mGET&amp#27;[39m &amp#27;[37m/status&amp#27;[39m
&amp#27;[38;5;0m[HTTP]&amp#27;[0m &amp#27;[90m{}&amp#27;[39m
&amp#27;[38;5;16m[AppiumDriver@39e8]&amp#27;[0m Calling AppiumDriver.getStatus() with args: []
&amp#27;[38;5;16m[AppiumDriver@39e8]&amp#27;[0m Responding to client with driver.getStatus() result: {"ready":true,"message":"The server is ready to accept new connections","build":{"version":"2.5.4","git-sha":"abc0584215659c5a8716d0798ea2801388d01368","built":"2024-08-26 09:35:52 +0100"}}
&amp#27;[38;5;0m[HTTP]&amp#27;[0m &amp#27;[37m<-- GET /status &amp#27;[39m&amp#27;[32m200&amp#27;[39m &amp#27;[90m6 ms - 199&amp#27;[39m
&amp#27;[38;5;0m[HTTP]&amp#27;[0m &amp#27;[90m&amp#27;[39m
&amp#27;[38;5;0m[HTTP]&amp#27;[0m Request idempotency key: 7b71271a-acb6-433d-a541-a6b58c46ab91
&amp#27;[38;5;0m[HTTP]&amp#27;[0m &amp#27;[37m-->&amp#27;[39m &amp#27;[37mPOST&amp#27;[39m &amp#27;[37m/session&amp#27;[39m
&amp#27;[38;5;0m[HTTP]&amp#27;[0m &amp#27;[90m{"capabilities":{"firstMatch":[{}],"alwaysMatch":{"appium:app":"/Users/debasishpruseth/Downloads/General-Store.apk","appium:automationName":"UIAutomator2","appium:deviceName":"emulator-5554","platformName":"android"}}}&amp#27;[39m
&amp#27;[38;5;16m[AppiumDriver@39e8]&amp#27;[0m Calling AppiumDriver.createSession() with args: [null,null,{"firstMatch":[{}],"alwaysMatch":{"appium:app":"/Users/debasishpruseth/Downloads/General-Store.apk","appium:automationName":"UIAutomator2","appium:deviceName":"emulator-5554","platformName":"android"}}]
&amp#27;[38;5;16m[AppiumDriver@39e8]&amp#27;[0m Event 'newSessionRequested' logged at 1725200013478 (19:43:33 GMT+0530 (India Standard Time))
&amp#27;[35m[Appium]&amp#27;[39m Attempting to find matching driver for automationName 'UIAutomator2' and platformName 'android'
&amp#27;[35m[Appium]&amp#27;[39m The 'uiautomator2' driver was installed and matched caps.
&amp#27;[35m[Appium]&amp#27;[39m Will require it at /Users/debasishpruseth/.appium/node_modules/appium-uiautomator2-driver
&amp#27;[35m[Appium]&amp#27;[39m Requiring driver at /Users/debasishpruseth/.appium/node_modules/appium-uiautomator2-driver/build/index.js
&amp#27;[38;5;16m[AppiumDriver@39e8]&amp#27;[0m Appium v2.5.4 creating new AndroidUiautomator2Driver (v3.7.3) session
&amp#27;[38;5;16m[AppiumDriver@39e8]&amp#27;[0m Checking BaseDriver versions for Appium and AndroidUiautomator2Driver
&amp#27;[38;5;16m[AppiumDriver@39e8]&amp#27;[0m Appium's BaseDriver version is 9.6.0
&amp#27;[38;5;16m[AppiumDriver@39e8]&amp#27;[0m AndroidUiautomator2Driver's BaseDriver version is 9.11.2
&amp#27;[38;5;32m[AndroidUiautomator2Driver@8c4f]&amp#27;[0m 
&amp#27;[38;5;32m[AndroidUiautomator2Driver@8c4f]&amp#27;[0m Creating session with W3C capabilities: {
  "alwaysMatch": {
    "platformName": "android",
    "appium:app": "/Users/debasishpruseth/Downloads/General-Store.apk",
    "appium:automationName": "UIAutomator2",
    "appium:deviceName": "emulator-5554"
  },
  "firstMatch": [
    {}
  ]
}
&amp#27;[38;5;32m[AndroidUiautomator2Driver@8c4f]&amp#27;[0m Session created with session id: 394c1628-da4c-42d6-874f-fc301c25e633
&amp#27;[38;5;48m[ADB]&amp#27;[0m Found 2 'build-tools' folders under '/Users/debasishpruseth/Library/Java/JavaVirtualMachines/openjdk-22.0.1-1/Contents/Home' (newest first):
&amp#27;[38;5;48m[ADB]&amp#27;[0m     /Users/debasishpruseth/Library/Java/JavaVirtualMachines/openjdk-22.0.1-1/Contents/Home/build-tools/35.0.0
&amp#27;[38;5;48m[ADB]&amp#27;[0m     /Users/debasishpruseth/Library/Java/JavaVirtualMachines/openjdk-22.0.1-1/Contents/Home/build-tools/34.0.0
&amp#27;[38;5;48m[ADB]&amp#27;[0m Using 'adb' from '/Users/debasishpruseth/Library/Java/JavaVirtualMachines/openjdk-22.0.1-1/Contents/Home/platform-tools/adb'
&amp#27;[38;5;48m[ADB]&amp#27;[0m Running '/Users/debasishpruseth/Library/Java/JavaVirtualMachines/openjdk-22.0.1-1/Contents/Home/platform-tools/adb -P 5037 start-server'
&amp#27;[38;5;32m[AndroidUiautomator2Driver@8c4f]&amp#27;[0m Retrieving device list
&amp#27;[38;5;48m[ADB]&amp#27;[0m Trying to find connected Android devices
&amp#27;[38;5;48m[ADB]&amp#27;[0m Getting connected devices
&amp#27;[38;5;48m[ADB]&amp#27;[0m Connected devices: [{"udid":"emulator-5554","state":"device"}]
&amp#27;[38;5;32m[AndroidUiautomator2Driver@8c4f]&amp#27;[0m Using device: emulator-5554
&amp#27;[38;5;48m[ADB]&amp#27;[0m Using 'adb' from '/Users/debasishpruseth/Library/Java/JavaVirtualMachines/openjdk-22.0.1-1/Contents/Home/platform-tools/adb'
&amp#27;[38;5;48m[ADB]&amp#27;[0m Running '/Users/debasishpruseth/Library/Java/JavaVirtualMachines/openjdk-22.0.1-1/Contents/Home/platform-tools/adb -P 5037 start-server'
&amp#27;[38;5;48m[ADB]&amp#27;[0m Setting device id to emulator-5554
&amp#27;[38;5;64m[BaseDriver]&amp#27;[0m Using local app '/Users/debasishpruseth/Downloads/General-Store.apk'
&amp#27;[38;5;32m[AndroidUiautomator2Driver@8c4f]&amp#27;[0m Checking whether app is actually present
&amp#27;[38;5;48m[ADB]&amp#27;[0m Running '/Users/debasishpruseth/Library/Java/JavaVirtualMachines/openjdk-22.0.1-1/Contents/Home/platform-tools/adb -P 5037 -s emulator-5554 shell getprop ro.build.version.sdk'
&amp#27;[38;5;48m[ADB]&amp#27;[0m Current device property 'ro.build.version.sdk': 35
&amp#27;[38;5;48m[ADB]&amp#27;[0m Getting device platform version
&amp#27;[38;5;48m[ADB]&amp#27;[0m Running '/Users/debasishpruseth/Library/Java/JavaVirtualMachines/openjdk-22.0.1-1/Contents/Home/platform-tools/adb -P 5037 -s emulator-5554 shell getprop ro.build.version.release'
&amp#27;[38;5;48m[ADB]&amp#27;[0m Current device property 'ro.build.version.release': 15
&amp#27;[38;5;48m[ADB]&amp#27;[0m Device API level: 35
&amp#27;[38;5;32m[AndroidUiautomator2Driver@8c4f]&amp#27;[0m Relaxing hidden api policy
&amp#27;[38;5;48m[ADB]&amp#27;[0m Running '/Users/debasishpruseth/Library/Java/JavaVirtualMachines/openjdk-22.0.1-1/Contents/Home/platform-tools/adb -P 5037 -s emulator-5554 shell 'settings put global hidden_api_policy_pre_p_apps 1;settings put global hidden_api_policy_p_apps 1;settings put global hidden_api_policy 1''
&amp#27;[38;5;32m[AndroidUiautomator2Driver@8c4f]&amp#27;[0m Parsing package and activity from app manifest
&amp#27;[38;5;48m[ADB]&amp#27;[0m Running '/Users/debasishpruseth/Library/Java/JavaVirtualMachines/openjdk-22.0.1-1/Contents/Home/platform-tools/adb -P 5037 -s emulator-5554 wait-for-device'
&amp#27;[38;5;48m[ADB]&amp#27;[0m Using 'aapt2' from '/Users/debasishpruseth/Library/Java/JavaVirtualMachines/openjdk-22.0.1-1/Contents/Home/build-tools/35.0.0/aapt2'
&amp#27;[38;5;48m[ADB]&amp#27;[0m Reading package manifest: '/Users/debasishpruseth/Library/Java/JavaVirtualMachines/openjdk-22.0.1-1/Contents/Home/build-tools/35.0.0/aapt2 dump badging /Users/debasishpruseth/Downloads/General-Store.apk'
&amp#27;[38;5;48m[ADB]&amp#27;[0m Running '/Users/debasishpruseth/Library/Java/JavaVirtualMachines/openjdk-22.0.1-1/Contents/Home/platform-tools/adb -P 5037 -s emulator-5554 shell echo ping'
&amp#27;[38;5;48m[ADB]&amp#27;[0m Package name: 'com.androidsample.generalstore'
&amp#27;[38;5;48m[ADB]&amp#27;[0m Main activity name: 'com.androidsample.generalstore.SplashActivity'
&amp#27;[38;5;32m[AndroidUiautomator2Driver@8c4f]&amp#27;[0m Parsed package and activity are: com.androidsample.generalstore/com.androidsample.generalstore.SplashActivity
&amp#27;[38;5;32m[AndroidUiautomator2Driver@8c4f]&amp#27;[0m Pushing settings apk to the device...
&amp#27;[38;5;48m[ADB]&amp#27;[0m Getting package info for 'io.appium.settings'
&amp#27;[38;5;48m[ADB]&amp#27;[0m Running '/Users/debasishpruseth/Library/Java/JavaVirtualMachines/openjdk-22.0.1-1/Contents/Home/platform-tools/adb -P 5037 -s emulator-5554 shell dumpsys package io.appium.settings'
&amp#27;[38;5;48m[ADB]&amp#27;[0m Reading package manifest: '/Users/debasishpruseth/Library/Java/JavaVirtualMachines/openjdk-22.0.1-1/Contents/Home/build-tools/35.0.0/aapt2 dump badging /Users/debasishpruseth/.appium/node_modules/appium-uiautomator2-driver/node_modules/io.appium.settings/apks/settings_apk-debug.apk'
&amp#27;[38;5;48m[ADB]&amp#27;[0m The version name of the installed 'io.appium.settings' is greater or equal to the application version name ('5.12.6' >= '5.12.6')
&amp#27;[38;5;48m[ADB]&amp#27;[0m There is no need to install/upgrade '/Users/debasishpruseth/.appium/node_modules/appium-uiautomator2-driver/node_modules/io.appium.settings/apks/settings_apk-debug.apk'
&amp#27;[38;5;48m[ADB]&amp#27;[0m Running '/Users/debasishpruseth/Library/Java/JavaVirtualMachines/openjdk-22.0.1-1/Contents/Home/platform-tools/adb -P 5037 -s emulator-5554 shell dumpsys activity services io.appium.settings'
&amp#27;[38;5;32m[AndroidUiautomator2Driver@8c4f]&amp#27;[0m io.appium.settings is already running. There is no need to reset its permissions.
&amp#27;[38;5;80m[Logcat]&amp#27;[0m Starting logs capture with command: /Users/debasishpruseth/Library/Java/JavaVirtualMachines/openjdk-22.0.1-1/Contents/Home/platform-tools/adb -P 5037 -s emulator-5554 logcat -v threadtime
&amp#27;[38;5;32m[AndroidUiautomator2Driver@8c4f]&amp#27;[0m Forwarding UiAutomator2 Server port 6790 to local port 8200
&amp#27;[38;5;48m[ADB]&amp#27;[0m Forwarding system: 8200 to device: 6790
&amp#27;[38;5;48m[ADB]&amp#27;[0m Running '/Users/debasishpruseth/Library/Java/JavaVirtualMachines/openjdk-22.0.1-1/Contents/Home/platform-tools/adb -P 5037 -s emulator-5554 forward tcp:8200 tcp:6790'
&amp#27;[38;5;48m[ADB]&amp#27;[0m Getting package info for 'io.appium.uiautomator2.server'
&amp#27;[38;5;48m[ADB]&amp#27;[0m Running '/Users/debasishpruseth/Library/Java/JavaVirtualMachines/openjdk-22.0.1-1/Contents/Home/platform-tools/adb -P 5037 -s emulator-5554 shell dumpsys package io.appium.uiautomator2.server'
&amp#27;[38;5;48m[ADB]&amp#27;[0m Getting install status for io.appium.uiautomator2.server.test
&amp#27;[38;5;48m[ADB]&amp#27;[0m Checking app cert for /Users/debasishpruseth/Downloads/General-Store.apk
&amp#27;[38;5;48m[ADB]&amp#27;[0m Running '/Users/debasishpruseth/Library/Java/JavaVirtualMachines/openjdk-22.0.1-1/Contents/Home/platform-tools/adb -P 5037 -s emulator-5554 shell cmd package list packages'
&amp#27;[38;5;48m[ADB]&amp#27;[0m Using 'apksigner.jar' from '/Users/debasishpruseth/Library/Java/JavaVirtualMachines/openjdk-22.0.1-1/Contents/Home/build-tools/35.0.0/lib/apksigner.jar'
&amp#27;[38;5;48m[ADB]&amp#27;[0m Starting apksigner: /Users/debasishpruseth/Library/Java/JavaVirtualMachines/openjdk-22.0.1/Contents/Home/bin/java -Xmx1024M -Xss1m -jar /Users/debasishpruseth/Library/Java/JavaVirtualMachines/openjdk-22.0.1-1/Contents/Home/build-tools/35.0.0/lib/apksigner.jar verify --print-certs /Users/debasishpruseth/Downloads/General-Store.apk
&amp#27;[38;5;48m[ADB]&amp#27;[0m Reading package manifest: '/Users/debasishpruseth/Library/Java/JavaVirtualMachines/openjdk-22.0.1-1/Contents/Home/build-tools/35.0.0/aapt2 dump badging /Users/debasishpruseth/.appium/node_modules/appium-uiautomator2-driver/node_modules/appium-uiautomator2-server/apks/appium-uiautomator2-server-v7.0.20.apk'
&amp#27;[38;5;48m[ADB]&amp#27;[0m 'io.appium.uiautomator2.server.test' is installed
&amp#27;[38;5;48m[ADB]&amp#27;[0m The version name of the installed 'io.appium.uiautomator2.server' is greater or equal to the application version name ('7.0.20' >= '7.0.20')
&amp#27;[38;5;32m[AndroidUiautomator2Driver@8c4f]&amp#27;[0m Server packages status: [{"installState":"sameVersionInstalled","appPath":"/Users/debasishpruseth/.appium/node_modules/appium-uiautomator2-driver/node_modules/appium-uiautomator2-server/apks/appium-uiautomator2-server-v7.0.20.apk","appId":"io.appium.uiautomator2.server"},{"installState":"sameVersionInstalled","appPath":"/Users/debasishpruseth/.appium/node_modules/appium-uiautomator2-driver/node_modules/appium-uiautomator2-server/apks/appium-uiautomator2-server-debug-androidTest.apk","appId":"io.appium.uiautomator2.server.test"}]
&amp#27;[38;5;32m[AndroidUiautomator2Driver@8c4f]&amp#27;[0m Server packages are not going to be (re)installed
&amp#27;[38;5;32m[AndroidUiautomator2Driver@8c4f]&amp#27;[0m Waiting up to 30000ms for services to be available
&amp#27;[38;5;48m[ADB]&amp#27;[0m Running '/Users/debasishpruseth/Library/Java/JavaVirtualMachines/openjdk-22.0.1-1/Contents/Home/platform-tools/adb -P 5037 -s emulator-5554 shell pm list instrumentation'
&amp#27;[38;5;32m[AndroidUiautomator2Driver@8c4f]&amp#27;[0m Instrumentation target 'io.appium.uiautomator2.server.test/androidx.test.runner.AndroidJUnitRunner' is available
&amp#27;[38;5;48m[ADB]&amp#27;[0m Adding packages ["io.appium.settings","io.appium.uiautomator2.server","io.appium.uiautomator2.server.test"] to Doze whitelist
&amp#27;[38;5;48m[ADB]&amp#27;[0m Got the following command chunks to execute: [["dumpsys","deviceidle","whitelist","+io.appium.settings",";","dumpsys","deviceidle","whitelist","+io.appium.uiautomator2.server",";","dumpsys","deviceidle","whitelist","+io.appium.uiautomator2.server.test",";"]]
&amp#27;[38;5;48m[ADB]&amp#27;[0m Running '/Users/debasishpruseth/Library/Java/JavaVirtualMachines/openjdk-22.0.1-1/Contents/Home/platform-tools/adb -P 5037 -s emulator-5554 shell dumpsys deviceidle whitelist +io.appium.settings ; dumpsys deviceidle whitelist +io.appium.uiautomator2.server ; dumpsys deviceidle whitelist +io.appium.uiautomator2.server.test ;'
&amp#27;[38;5;48m[ADB]&amp#27;[0m apksigner stdout: Signer #1 certificate DN: EMAILADDRESS=android@android.com, CN=Android, OU=Android, O=Android, L=Mountain View, ST=California, C=US
Signer #1 certificate SHA-256 digest: a40da80a59d170caa950cf15c18c454d47a39b26989d8b640ecd745ba71bf5dc
Signer #1 certificate SHA-1 digest: 61ed377e85d386a8dfee6b864bd85b0bfaa5af81
Signer #1 certificate MD5 digest: e89b158e4bcf988ebd09eb83f5378e87

&amp#27;[38;5;48m[ADB]&amp#27;[0m sha256 hash did match for 'General-Store.apk'
&amp#27;[38;5;48m[ADB]&amp#27;[0m '/Users/debasishpruseth/Downloads/General-Store.apk' is signed with the default certificate
&amp#27;[38;5;48m[ADB]&amp#27;[0m Getting package info for 'com.androidsample.generalstore'
&amp#27;[38;5;48m[ADB]&amp#27;[0m Running '/Users/debasishpruseth/Library/Java/JavaVirtualMachines/openjdk-22.0.1-1/Contents/Home/platform-tools/adb -P 5037 -s emulator-5554 shell dumpsys package com.androidsample.generalstore'
&amp#27;[38;5;48m[ADB]&amp#27;[0m Reading package manifest: '/Users/debasishpruseth/Library/Java/JavaVirtualMachines/openjdk-22.0.1-1/Contents/Home/build-tools/35.0.0/aapt2 dump badging /Users/debasishpruseth/Downloads/General-Store.apk'
&amp#27;[38;5;48m[ADB]&amp#27;[0m The version name of the installed 'com.androidsample.generalstore' is greater or equal to the application version name ('1.0.0' >= '1.0.0')
&amp#27;[38;5;48m[ADB]&amp#27;[0m There is no need to install/upgrade '/Users/debasishpruseth/Downloads/General-Store.apk'
&amp#27;[38;5;32m[AndroidUiautomator2Driver@8c4f]&amp#27;[0m Performing fast reset on 'com.androidsample.generalstore'
&amp#27;[38;5;48m[ADB]&amp#27;[0m Getting install status for com.androidsample.generalstore
&amp#27;[38;5;48m[ADB]&amp#27;[0m Running '/Users/debasishpruseth/Library/Java/JavaVirtualMachines/openjdk-22.0.1-1/Contents/Home/platform-tools/adb -P 5037 -s emulator-5554 shell cmd package list packages'
&amp#27;[38;5;48m[ADB]&amp#27;[0m 'com.androidsample.generalstore' is installed
&amp#27;[38;5;48m[ADB]&amp#27;[0m Running '/Users/debasishpruseth/Library/Java/JavaVirtualMachines/openjdk-22.0.1-1/Contents/Home/platform-tools/adb -P 5037 -s emulator-5554 shell am force-stop com.androidsample.generalstore'
&amp#27;[38;5;48m[ADB]&amp#27;[0m Running '/Users/debasishpruseth/Library/Java/JavaVirtualMachines/openjdk-22.0.1-1/Contents/Home/platform-tools/adb -P 5037 -s emulator-5554 shell pm clear com.androidsample.generalstore'
&amp#27;[38;5;32m[AndroidUiautomator2Driver@8c4f]&amp#27;[0m Performed fast reset on the installed 'com.androidsample.generalstore' application (stop and clear)
&amp#27;[38;5;32m[AndroidUiautomator2Driver@8c4f]&amp#27;[0m Performing shallow cleanup of automation leftovers
&amp#27;[38;5;32m[AndroidUiautomator2Driver@8c4f]&amp#27;[0m No obsolete sessions have been detected (socket hang up)
&amp#27;[38;5;48m[ADB]&amp#27;[0m Running '/Users/debasishpruseth/Library/Java/JavaVirtualMachines/openjdk-22.0.1-1/Contents/Home/platform-tools/adb -P 5037 -s emulator-5554 shell am force-stop io.appium.uiautomator2.server.test'
&amp#27;[38;5;32m[AndroidUiautomator2Driver@8c4f]&amp#27;[0m Starting UIAutomator2 server 7.0.20
&amp#27;[38;5;32m[AndroidUiautomator2Driver@8c4f]&amp#27;[0m Using UIAutomator2 server from '/Users/debasishpruseth/.appium/node_modules/appium-uiautomator2-driver/node_modules/appium-uiautomator2-server/apks/appium-uiautomator2-server-v7.0.20.apk' and test from '/Users/debasishpruseth/.appium/node_modules/appium-uiautomator2-driver/node_modules/appium-uiautomator2-server/apks/appium-uiautomator2-server-debug-androidTest.apk'
&amp#27;[38;5;32m[AndroidUiautomator2Driver@8c4f]&amp#27;[0m Waiting up to 30000ms for UiAutomator2 to be online...
&amp#27;[38;5;48m[ADB]&amp#27;[0m Creating ADB subprocess with args: ["-P","5037","-s","emulator-5554","shell","am","instrument","-w","-e","disableAnalytics","true","io.appium.uiautomator2.server.test/androidx.test.runner.AndroidJUnitRunner"]
&amp#27;[38;5;32m[AndroidUiautomator2Driver@8c4f]&amp#27;[0m Matched '/status' to command name 'getStatus'
&amp#27;[38;5;32m[AndroidUiautomator2Driver@8c4f]&amp#27;[0m Proxying [GET /status] to [GET http://127.0.0.1:8200/status] with no body
&amp#27;[38;5;32m[AndroidUiautomator2Driver@8c4f]&amp#27;[0m socket hang up
&amp#27;[38;5;32m[AndroidUiautomator2Driver@8c4f]&amp#27;[0m Matched '/status' to command name 'getStatus'
&amp#27;[38;5;32m[AndroidUiautomator2Driver@8c4f]&amp#27;[0m Proxying [GET /status] to [GET http://127.0.0.1:8200/status] with no body
&amp#27;[38;5;32m[AndroidUiautomator2Driver@8c4f]&amp#27;[0m socket hang up
&amp#27;[38;5;32m[AndroidUiautomator2Driver@8c4f]&amp#27;[0m [Instrumentation] 
&amp#27;[38;5;32m[AndroidUiautomator2Driver@8c4f]&amp#27;[0m Matched '/status' to command name 'getStatus'
&amp#27;[38;5;32m[AndroidUiautomator2Driver@8c4f]&amp#27;[0m Proxying [GET /status] to [GET http://127.0.0.1:8200/status] with no body
&amp#27;[38;5;32m[AndroidUiautomator2Driver@8c4f]&amp#27;[0m socket hang up
&amp#27;[38;5;32m[AndroidUiautomator2Driver@8c4f]&amp#27;[0m Matched '/status' to command name 'getStatus'
&amp#27;[38;5;32m[AndroidUiautomator2Driver@8c4f]&amp#27;[0m Proxying [GET /status] to [GET http://127.0.0.1:8200/status] with no body
&amp#27;[38;5;32m[AndroidUiautomator2Driver@8c4f]&amp#27;[0m Got response with status 200: {"sessionId":"None","value":{"message":"UiAutomator2 Server is ready to accept commands","ready":true}}
&amp#27;[38;5;32m[AndroidUiautomator2Driver@8c4f]&amp#27;[0m The initialization of the instrumentation process took 3102ms
&amp#27;[38;5;32m[AndroidUiautomator2Driver@8c4f]&amp#27;[0m Matched '/session' to command name 'createSession'
&amp#27;[38;5;32m[AndroidUiautomator2Driver@8c4f]&amp#27;[0m Proxying [POST /session] to [POST http://127.0.0.1:8200/session] with body: {"capabilities":{"firstMatch":[{"platformName":"android","app":"/Users/debasishpruseth/Downloads/General-Store.apk","automationName":"UIAutomator2","deviceName":"emulator-5554","platform":"LINUX","webStorageEnabled":false,"takesScreenshot":true,"javascriptEnabled":true,"databaseEnabled":false,"networkConnectionEnabled":true,"locationContextEnabled":false,"warnings":{},"desired":{"platformName":"android","app":"/Users/debasishpruseth/Downloads/General-Store.apk","automationName":"UIAutomator2","deviceName":"emulator-5554"},"deviceUDID":"emulator-5554","appPackage":"com.androidsample.generalstore"}],"alwaysMatch":{}}}
&amp#27;[38;5;32m[AndroidUiautomator2Driver@8c4f]&amp#27;[0m Got response with status 200: {"sessionId":"f2a661ed-4107-4490-9918-f8b583caa5fa","value":{"capabilities":{"firstMatch":[{"platformName":"android","app":"/Users/debasishpruseth/Downloads/General-Store.apk","automationName":"UIAutomator2","deviceName":"emulator-5554","platform":"LINUX","webStorageEnabled":false,"takesScreenshot":true,"javascriptEnabled":true,"databaseEnabled":false,"networkConnectionEnabled":true,"locationContextEnabled":false,"warnings":{},"desired":{"platformName":"android","app":"/Users/debasishpruseth/Downloads/General-Store.apk","automationName":"UIAutomator2","deviceName":"emulator-5554"},"deviceUDID":"emulator-5554","appPackage":"com.androidsample.generalstore"}],"alwaysMatch":{}},"sessionId":"f2a661ed-4107-4490-9918-f8b583caa5fa"}}
&amp#27;[38;5;32m[AndroidUiautomator2Driver@8c4f]&amp#27;[0m Determined the downstream protocol as 'W3C'
&amp#27;[38;5;32m[AndroidUiautomator2Driver@8c4f]&amp#27;[0m Proxying [GET /appium/device/pixel_ratio] to [GET http://127.0.0.1:8200/session/f2a661ed-4107-4490-9918-f8b583caa5fa/appium/device/pixel_ratio] with no body
&amp#27;[38;5;32m[AndroidUiautomator2Driver@8c4f]&amp#27;[0m Matched '/appium/device/system_bars' to command name 'getSystemBars'
&amp#27;[38;5;32m[AndroidUiautomator2Driver@8c4f]&amp#27;[0m Proxying [GET /appium/device/system_bars] to [GET http://127.0.0.1:8200/session/f2a661ed-4107-4490-9918-f8b583caa5fa/appium/device/system_bars] with no body
&amp#27;[38;5;32m[AndroidUiautomator2Driver@8c4f]&amp#27;[0m Matched '/window/current/size' to command name 'getWindowSize'
&amp#27;[38;5;32m[AndroidUiautomator2Driver@8c4f]&amp#27;[0m Proxying [GET /window/current/size] to [GET http://127.0.0.1:8200/session/f2a661ed-4107-4490-9918-f8b583caa5fa/window/current/size] with no body
&amp#27;[38;5;32m[AndroidUiautomator2Driver@8c4f]&amp#27;[0m Proxying [GET /appium/device/info] to [GET http://127.0.0.1:8200/session/f2a661ed-4107-4490-9918-f8b583caa5fa/appium/device/info] with no body
&amp#27;[38;5;48m[ADB]&amp#27;[0m Running '/Users/debasishpruseth/Library/Java/JavaVirtualMachines/openjdk-22.0.1-1/Contents/Home/platform-tools/adb -P 5037 -s emulator-5554 shell dumpsys window'
&amp#27;[38;5;48m[ADB]&amp#27;[0m Running '/Users/debasishpruseth/Library/Java/JavaVirtualMachines/openjdk-22.0.1-1/Contents/Home/platform-tools/adb -P 5037 -s emulator-5554 shell dumpsys power'
&amp#27;[38;5;32m[AndroidUiautomator2Driver@8c4f]&amp#27;[0m Got response with status 200: {"sessionId":"f2a661ed-4107-4490-9918-f8b583caa5fa","value":2.625}
&amp#27;[38;5;32m[AndroidUiautomator2Driver@8c4f]&amp#27;[0m Got response with status 200: {"sessionId":"f2a661ed-4107-4490-9918-f8b583caa5fa","value":{"height":2400,"width":1080}}
&amp#27;[38;5;32m[AndroidUiautomator2Driver@8c4f]&amp#27;[0m Got response with status 200: {"sessionId":"f2a661ed-4107-4490-9918-f8b583caa5fa","value":{"statusBar":63}}
&amp#27;[38;5;32m[AndroidUiautomator2Driver@8c4f]&amp#27;[0m Got response with status 200: {"sessionId":"f2a661ed-4107-4490-9918-f8b583caa5fa","value":{"androidId":"78c64d39d54ba055","apiVersion":"35","bluetooth":{"state":"ON"},"brand":"google","carrierName":"T-Mobile","displayDensity":420,"locale":"en_US","manufacturer":"Google","model":"sdk_gphone64_arm64","networks":[{"capabilities":{"SSID":null,"linkDownBandwidthKbps":30000,"linkUpstreamBandwidthKbps":12000,"networkCapabilities":"NET_CAPABILITY_NOT_METERED,NET_CAPABILITY_INTERNET,NET_CAPABILITY_NOT_RESTRICTED,NET_CAPABILITY_TRUSTED,NET_CAPABILITY_NOT_VPN,NET_CAPABILITY_VALIDATED,NET_CAPABILITY_NOT_ROAMING,NET_CAPABILITY_FOREGROUND,NET_CAPABILITY_NOT_CONGESTED,NET_CAPABILITY_NOT_SUSPENDED","signalStrength":-50,"transportTypes":"TRANSPORT_WIFI"},"detailedState":"CONNECTED","extraInfo":"","isAvailable":true,"isConnected":true,"isFailover":false,"isRoaming":false,"state":"CONNECTED","subtype":-1,"subtypeName":"","type":1,"typeName":"WIFI"},{"capabilities":{"SSID":null,"linkDownBandwidthKbps":4300,"linkUpstreamBandwidthKbps":1800,"networkCapabili...
&amp#27;[38;5;32m[AndroidUiautomator2Driver@8c4f]&amp#27;[0m Screen already unlocked, doing nothing
&amp#27;[38;5;32m[AndroidUiautomator2Driver@8c4f]&amp#27;[0m Starting 'com.androidsample.generalstore/com.androidsample.generalstore.SplashActivity and waiting for 'com.androidsample.generalstore/com.androidsample.generalstore.SplashActivity'
&amp#27;[38;5;48m[ADB]&amp#27;[0m Running '/Users/debasishpruseth/Library/Java/JavaVirtualMachines/openjdk-22.0.1-1/Contents/Home/platform-tools/adb -P 5037 -s emulator-5554 shell am start -W -n com.androidsample.generalstore/com.androidsample.generalstore.SplashActivity -S -a android.intent.action.MAIN -c android.intent.category.LAUNCHER -f 0x10200000'
&amp#27;[38;5;48m[ADB]&amp#27;[0m Waiting up to 20000ms for activity matching pkg: 'com.androidsample.generalstore' and activity: 'com.androidsample.generalstore.SplashActivity' to be focused
&amp#27;[38;5;48m[ADB]&amp#27;[0m Possible activities, to be checked: 'com.androidsample.generalstore.SplashActivity', 'com.androidsample.generalstore.com.androidsample.generalstore.SplashActivity'
&amp#27;[38;5;48m[ADB]&amp#27;[0m Getting focused package and activity
&amp#27;[38;5;48m[ADB]&amp#27;[0m Running '/Users/debasishpruseth/Library/Java/JavaVirtualMachines/openjdk-22.0.1-1/Contents/Home/platform-tools/adb -P 5037 -s emulator-5554 shell dumpsys window displays'
&amp#27;[38;5;48m[ADB]&amp#27;[0m Found package: 'com.androidsample.generalstore' and fully qualified activity name : 'com.androidsample.generalstore.SplashActivity'
&amp#27;[38;5;16m[AppiumDriver@39e8]&amp#27;[0m New AndroidUiautomator2Driver session created successfully, session 394c1628-da4c-42d6-874f-fc301c25e633 added to master session list
&amp#27;[38;5;16m[AppiumDriver@39e8]&amp#27;[0m Event 'newSessionStarted' logged at 1725200019763 (19:43:39 GMT+0530 (India Standard Time))
&amp#27;[38;5;32m[AndroidUiautomator2Driver@8c4f]&amp#27;[0m Cached the protocol value 'W3C' for the new session 394c1628-da4c-42d6-874f-fc301c25e633
&amp#27;[38;5;32m[AndroidUiautomator2Driver@8c4f]&amp#27;[0m Responding to client with driver.createSession() result: {"capabilities":{"platformName":"android","app":"/Users/debasishpruseth/Downloads/General-Store.apk","automationName":"UIAutomator2","deviceName":"emulator-5554","platform":"LINUX","webStorageEnabled":false,"takesScreenshot":true,"javascriptEnabled":true,"databaseEnabled":false,"networkConnectionEnabled":true,"locationContextEnabled":false,"warnings":{},"desired":{"platformName":"android","app":"/Users/debasishpruseth/Downloads/General-Store.apk","automationName":"UIAutomator2","deviceName":"emulator-5554"},"deviceUDID":"emulator-5554","appPackage":"com.androidsample.generalstore","pixelRatio":"2.625","statBarHeight":63,"viewportRect":{"left":0,"top":63,"width":1080,"height":2337},"deviceApiLevel":35,"platformVersion":"15","deviceManufacturer":"Google","deviceModel":"sdk_gphone64_arm64","deviceScreenSize":"1080x2400","deviceScreenDensity":420}}
&amp#27;[38;5;0m[HTTP]&amp#27;[0m &amp#27;[37m<-- POST /session &amp#27;[39m&amp#27;[32m200&amp#27;[39m &amp#27;[90m6288 ms - 917&amp#27;[39m
&amp#27;[38;5;0m[HTTP]&amp#27;[0m &amp#27;[90m&amp#27;[39m
&amp#27;[38;5;0m[HTTP]&amp#27;[0m &amp#27;[37m-->&amp#27;[39m &amp#27;[37mPOST&amp#27;[39m &amp#27;[37m/session/394c1628-da4c-42d6-874f-fc301c25e633/timeouts&amp#27;[39m
&amp#27;[38;5;0m[HTTP]&amp#27;[0m &amp#27;[90m{"implicit":30000}&amp#27;[39m
&amp#27;[38;5;32m[AndroidUiautomator2Driver@8c4f]&amp#27;[0m Calling AppiumDriver.timeouts() with args: [null,null,null,null,30000,"394c1628-da4c-42d6-874f-fc301c25e633"]
&amp#27;[38;5;32m[AndroidUiautomator2Driver@8c4f]&amp#27;[0m W3C timeout argument: {"implicit":30000}}
&amp#27;[38;5;32m[AndroidUiautomator2Driver@8c4f]&amp#27;[0m Set implicit wait to 30000ms
&amp#27;[38;5;32m[AndroidUiautomator2Driver@8c4f]&amp#27;[0m Responding to client with driver.timeouts() result: null
&amp#27;[38;5;0m[HTTP]&amp#27;[0m &amp#27;[37m<-- POST /session/394c1628-da4c-42d6-874f-fc301c25e633/timeouts &amp#27;[39m&amp#27;[32m200&amp#27;[39m &amp#27;[90m3 ms - 14&amp#27;[39m
&amp#27;[38;5;0m[HTTP]&amp#27;[0m &amp#27;[90m&amp#27;[39m
&amp#27;[38;5;0m[HTTP]&amp#27;[0m &amp#27;[37m-->&amp#27;[39m &amp#27;[37mPOST&amp#27;[39m &amp#27;[37m/session/394c1628-da4c-42d6-874f-fc301c25e633/element&amp#27;[39m
&amp#27;[38;5;0m[HTTP]&amp#27;[0m &amp#27;[90m{"using":"id","value":"com.androidsample.generalstore:id/nameField"}&amp#27;[39m
&amp#27;[38;5;32m[AndroidUiautomator2Driver@8c4f]&amp#27;[0m Calling AppiumDriver.findElement() with args: ["id","com.androidsample.generalstore:id/nameField","394c1628-da4c-42d6-874f-fc301c25e633"]
&amp#27;[38;5;32m[AndroidUiautomator2Driver@8c4f]&amp#27;[0m Valid locator strategies for this request: xpath, id, class name, accessibility id, css selector, -android uiautomator
&amp#27;[38;5;32m[AndroidUiautomator2Driver@8c4f]&amp#27;[0m Waiting up to 30000 ms for condition
&amp#27;[38;5;32m[AndroidUiautomator2Driver@8c4f]&amp#27;[0m Matched '/element' to command name 'findElement'
&amp#27;[38;5;32m[AndroidUiautomator2Driver@8c4f]&amp#27;[0m Proxying [POST /element] to [POST http://127.0.0.1:8200/session/f2a661ed-4107-4490-9918-f8b583caa5fa/element] with body: {"strategy":"id","selector":"com.androidsample.generalstore:id/nameField","context":"","multiple":false}
&amp#27;[38;5;32m[AndroidUiautomator2Driver@8c4f]&amp#27;[0m Got response with status 404: {"sessionId":"f2a661ed-4107-4490-9918-f8b583caa5fa","value":{"error":"no such element","message":"An element could not be located on the page using the given search parameters","stacktrace":"io.appium.uiautomator2.common.exceptions.ElementNotFoundException: An element could not be located on the page using the given search parameters\n\tat io.appium.uiautomator2.handler.FindElement.safeHandle(FindElement.java:63)\n\tat io.appium.uiautomator2.handler.request.SafeRequestHandler.handle(SafeRequestHandler.java:59)\n\tat io.appium.uiautomator2.server.AppiumServlet.handleRequest(AppiumServlet.java:259)\n\tat io.appium.uiautomator2.server.AppiumServlet.handleHttpRequest(AppiumServlet.java:253)\n\tat io.appium.uiautomator2.http.ServerHandler.channelRead(ServerHandler.java:77)\n\tat io.netty.channel.AbstractChannelHandlerContext.invokeChannelRead(AbstractChannelHandlerContext.java:366)\n\tat io.netty.channel.AbstractChannelHandlerContext.invokeChannelRead(AbstractChannelHandlerContext.java:352)\n\tat io.netty.chann...
&amp#27;[38;5;96m[W3C]&amp#27;[0m Matched W3C error code 'no such element' to NoSuchElementError
&amp#27;[38;5;32m[AndroidUiautomator2Driver@8c4f]&amp#27;[0m Waited for 616 ms so far
&amp#27;[38;5;32m[AndroidUiautomator2Driver@8c4f]&amp#27;[0m Matched '/element' to command name 'findElement'
&amp#27;[38;5;32m[AndroidUiautomator2Driver@8c4f]&amp#27;[0m Proxying [POST /element] to [POST http://127.0.0.1:8200/session/f2a661ed-4107-4490-9918-f8b583caa5fa/element] with body: {"strategy":"id","selector":"com.androidsample.generalstore:id/nameField","context":"","multiple":false}
&amp#27;[38;5;32m[AndroidUiautomator2Driver@8c4f]&amp#27;[0m Got response with status 404: {"sessionId":"f2a661ed-4107-4490-9918-f8b583caa5fa","value":{"error":"no such element","message":"An element could not be located on the page using the given search parameters","stacktrace":"io.appium.uiautomator2.common.exceptions.ElementNotFoundException: An element could not be located on the page using the given search parameters\n\tat io.appium.uiautomator2.handler.FindElement.safeHandle(FindElement.java:63)\n\tat io.appium.uiautomator2.handler.request.SafeRequestHandler.handle(SafeRequestHandler.java:59)\n\tat io.appium.uiautomator2.server.AppiumServlet.handleRequest(AppiumServlet.java:259)\n\tat io.appium.uiautomator2.server.AppiumServlet.handleHttpRequest(AppiumServlet.java:253)\n\tat io.appium.uiautomator2.http.ServerHandler.channelRead(ServerHandler.java:77)\n\tat io.netty.channel.AbstractChannelHandlerContext.invokeChannelRead(AbstractChannelHandlerContext.java:366)\n\tat io.netty.channel.AbstractChannelHandlerContext.invokeChannelRead(AbstractChannelHandlerContext.java:352)\n\tat io.netty.chann...
&amp#27;[38;5;96m[W3C]&amp#27;[0m Matched W3C error code 'no such element' to NoSuchElementError
&amp#27;[38;5;32m[AndroidUiautomator2Driver@8c4f]&amp#27;[0m Waited for 1160 ms so far
&amp#27;[38;5;32m[AndroidUiautomator2Driver@8c4f]&amp#27;[0m Matched '/element' to command name 'findElement'
&amp#27;[38;5;32m[AndroidUiautomator2Driver@8c4f]&amp#27;[0m Proxying [POST /element] to [POST http://127.0.0.1:8200/session/f2a661ed-4107-4490-9918-f8b583caa5fa/element] with body: {"strategy":"id","selector":"com.androidsample.generalstore:id/nameField","context":"","multiple":false}
&amp#27;[38;5;32m[AndroidUiautomator2Driver@8c4f]&amp#27;[0m Got response with status 404: {"sessionId":"f2a661ed-4107-4490-9918-f8b583caa5fa","value":{"error":"no such element","message":"An element could not be located on the page using the given search parameters","stacktrace":"io.appium.uiautomator2.common.exceptions.ElementNotFoundException: An element could not be located on the page using the given search parameters\n\tat io.appium.uiautomator2.handler.FindElement.safeHandle(FindElement.java:63)\n\tat io.appium.uiautomator2.handler.request.SafeRequestHandler.handle(SafeRequestHandler.java:59)\n\tat io.appium.uiautomator2.server.AppiumServlet.handleRequest(AppiumServlet.java:259)\n\tat io.appium.uiautomator2.server.AppiumServlet.handleHttpRequest(AppiumServlet.java:253)\n\tat io.appium.uiautomator2.http.ServerHandler.channelRead(ServerHandler.java:77)\n\tat io.netty.channel.AbstractChannelHandlerContext.invokeChannelRead(AbstractChannelHandlerContext.java:366)\n\tat io.netty.channel.AbstractChannelHandlerContext.invokeChannelRead(AbstractChannelHandlerContext.java:352)\n\tat io.netty.chann...
&amp#27;[38;5;96m[W3C]&amp#27;[0m Matched W3C error code 'no such element' to NoSuchElementError
&amp#27;[38;5;32m[AndroidUiautomator2Driver@8c4f]&amp#27;[0m Waited for 1697 ms so far
&amp#27;[38;5;32m[AndroidUiautomator2Driver@8c4f]&amp#27;[0m Matched '/element' to command name 'findElement'
&amp#27;[38;5;32m[AndroidUiautomator2Driver@8c4f]&amp#27;[0m Proxying [POST /element] to [POST http://127.0.0.1:8200/session/f2a661ed-4107-4490-9918-f8b583caa5fa/element] with body: {"strategy":"id","selector":"com.androidsample.generalstore:id/nameField","context":"","multiple":false}
&amp#27;[38;5;32m[AndroidUiautomator2Driver@8c4f]&amp#27;[0m Got response with status 404: {"sessionId":"f2a661ed-4107-4490-9918-f8b583caa5fa","value":{"error":"no such element","message":"An element could not be located on the page using the given search parameters","stacktrace":"io.appium.uiautomator2.common.exceptions.ElementNotFoundException: An element could not be located on the page using the given search parameters\n\tat io.appium.uiautomator2.handler.FindElement.safeHandle(FindElement.java:63)\n\tat io.appium.uiautomator2.handler.request.SafeRequestHandler.handle(SafeRequestHandler.java:59)\n\tat io.appium.uiautomator2.server.AppiumServlet.handleRequest(AppiumServlet.java:259)\n\tat io.appium.uiautomator2.server.AppiumServlet.handleHttpRequest(AppiumServlet.java:253)\n\tat io.appium.uiautomator2.http.ServerHandler.channelRead(ServerHandler.java:77)\n\tat io.netty.channel.AbstractChannelHandlerContext.invokeChannelRead(AbstractChannelHandlerContext.java:366)\n\tat io.netty.channel.AbstractChannelHandlerContext.invokeChannelRead(AbstractChannelHandlerContext.java:352)\n\tat io.netty.chann...
&amp#27;[38;5;96m[W3C]&amp#27;[0m Matched W3C error code 'no such element' to NoSuchElementError
&amp#27;[38;5;32m[AndroidUiautomator2Driver@8c4f]&amp#27;[0m Waited for 2218 ms so far
&amp#27;[38;5;32m[AndroidUiautomator2Driver@8c4f]&amp#27;[0m Matched '/element' to command name 'findElement'
&amp#27;[38;5;32m[AndroidUiautomator2Driver@8c4f]&amp#27;[0m Proxying [POST /element] to [POST http://127.0.0.1:8200/session/f2a661ed-4107-4490-9918-f8b583caa5fa/element] with body: {"strategy":"id","selector":"com.androidsample.generalstore:id/nameField","context":"","multiple":false}
&amp#27;[38;5;32m[AndroidUiautomator2Driver@8c4f]&amp#27;[0m Got response with status 200: {"sessionId":"f2a661ed-4107-4490-9918-f8b583caa5fa","value":{"ELEMENT":"00000000-0000-00a7-ffff-ffff0000001c","element-6066-11e4-a52e-4f735466cecf":"00000000-0000-00a7-ffff-ffff0000001c"}}
&amp#27;[38;5;32m[AndroidUiautomator2Driver@8c4f]&amp#27;[0m Responding to client with driver.findElement() result: {"element-6066-11e4-a52e-4f735466cecf":"00000000-0000-00a7-ffff-ffff0000001c","ELEMENT":"00000000-0000-00a7-ffff-ffff0000001c"}
&amp#27;[38;5;0m[HTTP]&amp#27;[0m &amp#27;[37m<-- POST /session/394c1628-da4c-42d6-874f-fc301c25e633/element &amp#27;[39m&amp#27;[32m200&amp#27;[39m &amp#27;[90m4306 ms - 137&amp#27;[39m
&amp#27;[38;5;0m[HTTP]&amp#27;[0m &amp#27;[90m&amp#27;[39m
&amp#27;[38;5;0m[HTTP]&amp#27;[0m &amp#27;[37m-->&amp#27;[39m &amp#27;[37mPOST&amp#27;[39m &amp#27;[37m/session/394c1628-da4c-42d6-874f-fc301c25e633/element/00000000-0000-00a7-ffff-ffff0000001c/value&amp#27;[39m
&amp#27;[38;5;0m[HTTP]&amp#27;[0m &amp#27;[90m{"id":"00000000-0000-00a7-ffff-ffff0000001c","text":"Debasish","value":["D","e","b","a","s","i","s","h"]}&amp#27;[39m
&amp#27;[38;5;32m[AndroidUiautomator2Driver@8c4f]&amp#27;[0m Calling AppiumDriver.setValue() with args: [["D","e","b","a","s","i","s","h"],"00000000-0000-00a7-ffff-ffff0000001c","394c1628-da4c-42d6-874f-fc301c25e633"]
&amp#27;[38;5;32m[AndroidUiautomator2Driver@8c4f]&amp#27;[0m Matched '/element/00000000-0000-00a7-ffff-ffff0000001c/value' to command name 'setValue'
&amp#27;[38;5;32m[AndroidUiautomator2Driver@8c4f]&amp#27;[0m Added 'value' property ["D","e","b","a","s","i","s","h"] to 'setValue' request body
&amp#27;[38;5;32m[AndroidUiautomator2Driver@8c4f]&amp#27;[0m Proxying [POST /element/00000000-0000-00a7-ffff-ffff0000001c/value] to [POST http://127.0.0.1:8200/session/f2a661ed-4107-4490-9918-f8b583caa5fa/element/00000000-0000-00a7-ffff-ffff0000001c/value] with body: {"elementId":"00000000-0000-00a7-ffff-ffff0000001c","text":"Debasish","replace":false,"value":["D","e","b","a","s","i","s","h"]}
&amp#27;[38;5;32m[AndroidUiautomator2Driver@8c4f]&amp#27;[0m Got response with status 200: {"sessionId":"f2a661ed-4107-4490-9918-f8b583caa5fa","value":null}
&amp#27;[38;5;32m[AndroidUiautomator2Driver@8c4f]&amp#27;[0m Responding to client with driver.setValue() result: null
&amp#27;[38;5;0m[HTTP]&amp#27;[0m &amp#27;[37m<-- POST /session/394c1628-da4c-42d6-874f-fc301c25e633/element/00000000-0000-00a7-ffff-ffff0000001c/value &amp#27;[39m&amp#27;[32m200&amp#27;[39m &amp#27;[90m633 ms - 14&amp#27;[39m
&amp#27;[38;5;0m[HTTP]&amp#27;[0m &amp#27;[90m&amp#27;[39m
&amp#27;[38;5;0m[HTTP]&amp#27;[0m &amp#27;[37m-->&amp#27;[39m &amp#27;[37mPOST&amp#27;[39m &amp#27;[37m/session/394c1628-da4c-42d6-874f-fc301c25e633/appium/device/hide_keyboard&amp#27;[39m
&amp#27;[38;5;0m[HTTP]&amp#27;[0m &amp#27;[90m{}&amp#27;[39m
&amp#27;[38;5;32m[AndroidUiautomator2Driver@8c4f]&amp#27;[0m Calling AppiumDriver.hideKeyboard() with args: [null,null,null,null,"394c1628-da4c-42d6-874f-fc301c25e633"]
&amp#27;[38;5;48m[ADB]&amp#27;[0m Running '/Users/debasishpruseth/Library/Java/JavaVirtualMachines/openjdk-22.0.1-1/Contents/Home/platform-tools/adb -P 5037 -s emulator-5554 shell dumpsys input_method'
&amp#27;[38;5;48m[ADB]&amp#27;[0m Keyboard has no UI; no closing necessary
&amp#27;[38;5;32m[AndroidUiautomator2Driver@8c4f]&amp#27;[0m Responding to client with driver.hideKeyboard() result: false
&amp#27;[38;5;0m[HTTP]&amp#27;[0m &amp#27;[37m<-- POST /session/394c1628-da4c-42d6-874f-fc301c25e633/appium/device/hide_keyboard &amp#27;[39m&amp#27;[32m200&amp#27;[39m &amp#27;[90m817 ms - 15&amp#27;[39m
&amp#27;[38;5;0m[HTTP]&amp#27;[0m &amp#27;[90m&amp#27;[39m
&amp#27;[38;5;0m[HTTP]&amp#27;[0m &amp#27;[37m-->&amp#27;[39m &amp#27;[37mPOST&amp#27;[39m &amp#27;[37m/session/394c1628-da4c-42d6-874f-fc301c25e633/element&amp#27;[39m
&amp#27;[38;5;0m[HTTP]&amp#27;[0m &amp#27;[90m{"using":"id","value":"com.androidsample.generalstore:id/radioFemale"}&amp#27;[39m
&amp#27;[38;5;32m[AndroidUiautomator2Driver@8c4f]&amp#27;[0m Calling AppiumDriver.findElement() with args: ["id","com.androidsample.generalstore:id/radioFemale","394c1628-da4c-42d6-874f-fc301c25e633"]
&amp#27;[38;5;32m[AndroidUiautomator2Driver@8c4f]&amp#27;[0m Valid locator strategies for this request: xpath, id, class name, accessibility id, css selector, -android uiautomator
&amp#27;[38;5;32m[AndroidUiautomator2Driver@8c4f]&amp#27;[0m Waiting up to 30000 ms for condition
&amp#27;[38;5;32m[AndroidUiautomator2Driver@8c4f]&amp#27;[0m Matched '/element' to command name 'findElement'
&amp#27;[38;5;32m[AndroidUiautomator2Driver@8c4f]&amp#27;[0m Proxying [POST /element] to [POST http://127.0.0.1:8200/session/f2a661ed-4107-4490-9918-f8b583caa5fa/element] with body: {"strategy":"id","selector":"com.androidsample.generalstore:id/radioFemale","context":"","multiple":false}
&amp#27;[38;5;32m[AndroidUiautomator2Driver@8c4f]&amp#27;[0m Got response with status 200: {"sessionId":"f2a661ed-4107-4490-9918-f8b583caa5fa","value":{"ELEMENT":"00000000-0000-00a7-ffff-ffff00000020","element-6066-11e4-a52e-4f735466cecf":"00000000-0000-00a7-ffff-ffff00000020"}}
&amp#27;[38;5;32m[AndroidUiautomator2Driver@8c4f]&amp#27;[0m Responding to client with driver.findElement() result: {"element-6066-11e4-a52e-4f735466cecf":"00000000-0000-00a7-ffff-ffff00000020","ELEMENT":"00000000-0000-00a7-ffff-ffff00000020"}
&amp#27;[38;5;0m[HTTP]&amp#27;[0m &amp#27;[37m<-- POST /session/394c1628-da4c-42d6-874f-fc301c25e633/element &amp#27;[39m&amp#27;[32m200&amp#27;[39m &amp#27;[90m68 ms - 137&amp#27;[39m
&amp#27;[38;5;0m[HTTP]&amp#27;[0m &amp#27;[90m&amp#27;[39m
&amp#27;[38;5;0m[HTTP]&amp#27;[0m &amp#27;[37m-->&amp#27;[39m &amp#27;[37mPOST&amp#27;[39m &amp#27;[37m/session/394c1628-da4c-42d6-874f-fc301c25e633/element/00000000-0000-00a7-ffff-ffff00000020/click&amp#27;[39m
&amp#27;[38;5;0m[HTTP]&amp#27;[0m &amp#27;[90m{"id":"00000000-0000-00a7-ffff-ffff00000020"}&amp#27;[39m
&amp#27;[38;5;32m[AndroidUiautomator2Driver@8c4f]&amp#27;[0m Calling AppiumDriver.click() with args: ["00000000-0000-00a7-ffff-ffff00000020","394c1628-da4c-42d6-874f-fc301c25e633"]
&amp#27;[38;5;32m[AndroidUiautomator2Driver@8c4f]&amp#27;[0m Matched '/element/00000000-0000-00a7-ffff-ffff00000020/click' to command name 'click'
&amp#27;[38;5;32m[AndroidUiautomator2Driver@8c4f]&amp#27;[0m Proxying [POST /element/00000000-0000-00a7-ffff-ffff00000020/click] to [POST http://127.0.0.1:8200/session/f2a661ed-4107-4490-9918-f8b583caa5fa/element/00000000-0000-00a7-ffff-ffff00000020/click] with body: {"element":"00000000-0000-00a7-ffff-ffff00000020"}
&amp#27;[38;5;32m[AndroidUiautomator2Driver@8c4f]&amp#27;[0m Got response with status 200: {"sessionId":"f2a661ed-4107-4490-9918-f8b583caa5fa","value":null}
&amp#27;[38;5;32m[AndroidUiautomator2Driver@8c4f]&amp#27;[0m Responding to client with driver.click() result: null
&amp#27;[38;5;0m[HTTP]&amp#27;[0m &amp#27;[37m<-- POST /session/394c1628-da4c-42d6-874f-fc301c25e633/element/00000000-0000-00a7-ffff-ffff00000020/click &amp#27;[39m&amp#27;[32m200&amp#27;[39m &amp#27;[90m115 ms - 14&amp#27;[39m
&amp#27;[38;5;0m[HTTP]&amp#27;[0m &amp#27;[90m&amp#27;[39m
&amp#27;[38;5;0m[HTTP]&amp#27;[0m &amp#27;[37m-->&amp#27;[39m &amp#27;[37mPOST&amp#27;[39m &amp#27;[37m/session/394c1628-da4c-42d6-874f-fc301c25e633/element&amp#27;[39m
&amp#27;[38;5;0m[HTTP]&amp#27;[0m &amp#27;[90m{"using":"id","value":"com.androidsample.generalstore:id/spinnerCountry"}&amp#27;[39m
&amp#27;[38;5;32m[AndroidUiautomator2Driver@8c4f]&amp#27;[0m Calling AppiumDriver.findElement() with args: ["id","com.androidsample.generalstore:id/spinnerCountry","394c1628-da4c-42d6-874f-fc301c25e633"]
&amp#27;[38;5;32m[AndroidUiautomator2Driver@8c4f]&amp#27;[0m Valid locator strategies for this request: xpath, id, class name, accessibility id, css selector, -android uiautomator
&amp#27;[38;5;32m[AndroidUiautomator2Driver@8c4f]&amp#27;[0m Waiting up to 30000 ms for condition
&amp#27;[38;5;32m[AndroidUiautomator2Driver@8c4f]&amp#27;[0m Matched '/element' to command name 'findElement'
&amp#27;[38;5;32m[AndroidUiautomator2Driver@8c4f]&amp#27;[0m Proxying [POST /element] to [POST http://127.0.0.1:8200/session/f2a661ed-4107-4490-9918-f8b583caa5fa/element] with body: {"strategy":"id","selector":"com.androidsample.generalstore:id/spinnerCountry","context":"","multiple":false}
&amp#27;[38;5;32m[AndroidUiautomator2Driver@8c4f]&amp#27;[0m Got response with status 200: {"sessionId":"f2a661ed-4107-4490-9918-f8b583caa5fa","value":{"ELEMENT":"00000000-0000-00a7-ffff-ffff0000001a","element-6066-11e4-a52e-4f735466cecf":"00000000-0000-00a7-ffff-ffff0000001a"}}
&amp#27;[38;5;32m[AndroidUiautomator2Driver@8c4f]&amp#27;[0m Responding to client with driver.findElement() result: {"element-6066-11e4-a52e-4f735466cecf":"00000000-0000-00a7-ffff-ffff0000001a","ELEMENT":"00000000-0000-00a7-ffff-ffff0000001a"}
&amp#27;[38;5;0m[HTTP]&amp#27;[0m &amp#27;[37m<-- POST /session/394c1628-da4c-42d6-874f-fc301c25e633/element &amp#27;[39m&amp#27;[32m200&amp#27;[39m &amp#27;[90m269 ms - 137&amp#27;[39m
&amp#27;[38;5;0m[HTTP]&amp#27;[0m &amp#27;[90m&amp#27;[39m
&amp#27;[38;5;0m[HTTP]&amp#27;[0m &amp#27;[37m-->&amp#27;[39m &amp#27;[37mPOST&amp#27;[39m &amp#27;[37m/session/394c1628-da4c-42d6-874f-fc301c25e633/element/00000000-0000-00a7-ffff-ffff0000001a/click&amp#27;[39m
&amp#27;[38;5;0m[HTTP]&amp#27;[0m &amp#27;[90m{"id":"00000000-0000-00a7-ffff-ffff0000001a"}&amp#27;[39m
&amp#27;[38;5;32m[AndroidUiautomator2Driver@8c4f]&amp#27;[0m Calling AppiumDriver.click() with args: ["00000000-0000-00a7-ffff-ffff0000001a","394c1628-da4c-42d6-874f-fc301c25e633"]
&amp#27;[38;5;32m[AndroidUiautomator2Driver@8c4f]&amp#27;[0m Matched '/element/00000000-0000-00a7-ffff-ffff0000001a/click' to command name 'click'
&amp#27;[38;5;32m[AndroidUiautomator2Driver@8c4f]&amp#27;[0m Proxying [POST /element/00000000-0000-00a7-ffff-ffff0000001a/click] to [POST http://127.0.0.1:8200/session/f2a661ed-4107-4490-9918-f8b583caa5fa/element/00000000-0000-00a7-ffff-ffff0000001a/click] with body: {"element":"00000000-0000-00a7-ffff-ffff0000001a"}
&amp#27;[38;5;32m[AndroidUiautomator2Driver@8c4f]&amp#27;[0m Got response with status 200: {"sessionId":"f2a661ed-4107-4490-9918-f8b583caa5fa","value":null}
&amp#27;[38;5;32m[AndroidUiautomator2Driver@8c4f]&amp#27;[0m Responding to client with driver.click() result: null
&amp#27;[38;5;0m[HTTP]&amp#27;[0m &amp#27;[37m<-- POST /session/394c1628-da4c-42d6-874f-fc301c25e633/element/00000000-0000-00a7-ffff-ffff0000001a/click &amp#27;[39m&amp#27;[32m200&amp#27;[39m &amp#27;[90m490 ms - 14&amp#27;[39m
&amp#27;[38;5;0m[HTTP]&amp#27;[0m &amp#27;[90m&amp#27;[39m
&amp#27;[38;5;0m[HTTP]&amp#27;[0m &amp#27;[37m-->&amp#27;[39m &amp#27;[37mPOST&amp#27;[39m &amp#27;[37m/session/394c1628-da4c-42d6-874f-fc301c25e633/element&amp#27;[39m
&amp#27;[38;5;0m[HTTP]&amp#27;[0m &amp#27;[90m{"using":"-android uiautomator","value":"new UiScrollable(new UiSelector()).scrollIntoView(text(\"India\"))"}&amp#27;[39m
&amp#27;[38;5;32m[AndroidUiautomator2Driver@8c4f]&amp#27;[0m Calling AppiumDriver.findElement() with args: ["-android uiautomator","new UiScrollable(new UiSelector()).scrollIntoView(text(\"India\"))","394c1628-da4c-42d6-874f-fc301c25e633"]
&amp#27;[38;5;32m[AndroidUiautomator2Driver@8c4f]&amp#27;[0m Valid locator strategies for this request: xpath, id, class name, accessibility id, css selector, -android uiautomator
&amp#27;[38;5;32m[AndroidUiautomator2Driver@8c4f]&amp#27;[0m Waiting up to 30000 ms for condition
&amp#27;[38;5;32m[AndroidUiautomator2Driver@8c4f]&amp#27;[0m Matched '/element' to command name 'findElement'
&amp#27;[38;5;32m[AndroidUiautomator2Driver@8c4f]&amp#27;[0m Proxying [POST /element] to [POST http://127.0.0.1:8200/session/f2a661ed-4107-4490-9918-f8b583caa5fa/element] with body: {"strategy":"-android uiautomator","selector":"new UiScrollable(new UiSelector()).scrollIntoView(text(\"India\"))","context":"","multiple":false}
&amp#27;[38;5;32m[AndroidUiautomator2Driver@8c4f]&amp#27;[0m Got response with status 200: {"sessionId":"f2a661ed-4107-4490-9918-f8b583caa5fa","value":{"ELEMENT":"00000000-0000-00a8-ffff-ffff0000002d","element-6066-11e4-a52e-4f735466cecf":"00000000-0000-00a8-ffff-ffff0000002d"}}
&amp#27;[38;5;32m[AndroidUiautomator2Driver@8c4f]&amp#27;[0m Responding to client with driver.findElement() result: {"element-6066-11e4-a52e-4f735466cecf":"00000000-0000-00a8-ffff-ffff0000002d","ELEMENT":"00000000-0000-00a8-ffff-ffff0000002d"}
&amp#27;[38;5;0m[HTTP]&amp#27;[0m &amp#27;[37m<-- POST /session/394c1628-da4c-42d6-874f-fc301c25e633/element &amp#27;[39m&amp#27;[32m200&amp#27;[39m &amp#27;[90m21845 ms - 137&amp#27;[39m
&amp#27;[38;5;0m[HTTP]&amp#27;[0m &amp#27;[90m&amp#27;[39m
&amp#27;[38;5;0m[HTTP]&amp#27;[0m &amp#27;[37m-->&amp#27;[39m &amp#27;[37mPOST&amp#27;[39m &amp#27;[37m/session/394c1628-da4c-42d6-874f-fc301c25e633/element&amp#27;[39m
&amp#27;[38;5;0m[HTTP]&amp#27;[0m &amp#27;[90m{"using":"xpath","value":"//android.widget.TextView[@text='India']"}&amp#27;[39m
&amp#27;[38;5;32m[AndroidUiautomator2Driver@8c4f]&amp#27;[0m Calling AppiumDriver.findElement() with args: ["xpath","//android.widget.TextView[@text='India']","394c1628-da4c-42d6-874f-fc301c25e633"]
&amp#27;[38;5;32m[AndroidUiautomator2Driver@8c4f]&amp#27;[0m Valid locator strategies for this request: xpath, id, class name, accessibility id, css selector, -android uiautomator
&amp#27;[38;5;32m[AndroidUiautomator2Driver@8c4f]&amp#27;[0m Waiting up to 30000 ms for condition
&amp#27;[38;5;32m[AndroidUiautomator2Driver@8c4f]&amp#27;[0m Matched '/element' to command name 'findElement'
&amp#27;[38;5;32m[AndroidUiautomator2Driver@8c4f]&amp#27;[0m Proxying [POST /element] to [POST http://127.0.0.1:8200/session/f2a661ed-4107-4490-9918-f8b583caa5fa/element] with body: {"strategy":"xpath","selector":"//android.widget.TextView[@text='India']","context":"","multiple":false}
&amp#27;[38;5;32m[AndroidUiautomator2Driver@8c4f]&amp#27;[0m Got response with status 200: {"sessionId":"f2a661ed-4107-4490-9918-f8b583caa5fa","value":{"ELEMENT":"00000000-0000-00a8-ffff-ffff0000002d","element-6066-11e4-a52e-4f735466cecf":"00000000-0000-00a8-ffff-ffff0000002d"}}
&amp#27;[38;5;32m[AndroidUiautomator2Driver@8c4f]&amp#27;[0m Responding to client with driver.findElement() result: {"element-6066-11e4-a52e-4f735466cecf":"00000000-0000-00a8-ffff-ffff0000002d","ELEMENT":"00000000-0000-00a8-ffff-ffff0000002d"}
&amp#27;[38;5;0m[HTTP]&amp#27;[0m &amp#27;[37m<-- POST /session/394c1628-da4c-42d6-874f-fc301c25e633/element &amp#27;[39m&amp#27;[32m200&amp#27;[39m &amp#27;[90m331 ms - 137&amp#27;[39m
&amp#27;[38;5;0m[HTTP]&amp#27;[0m &amp#27;[90m&amp#27;[39m
&amp#27;[38;5;0m[HTTP]&amp#27;[0m &amp#27;[37m-->&amp#27;[39m &amp#27;[37mGET&amp#27;[39m &amp#27;[37m/session/394c1628-da4c-42d6-874f-fc301c25e633/element/00000000-0000-00a8-ffff-ffff0000002d/displayed&amp#27;[39m
&amp#27;[38;5;0m[HTTP]&amp#27;[0m &amp#27;[90m{}&amp#27;[39m
&amp#27;[38;5;32m[AndroidUiautomator2Driver@8c4f]&amp#27;[0m Calling AppiumDriver.elementDisplayed() with args: ["00000000-0000-00a8-ffff-ffff0000002d","394c1628-da4c-42d6-874f-fc301c25e633"]
&amp#27;[38;5;32m[AndroidUiautomator2Driver@8c4f]&amp#27;[0m Matched '/element/00000000-0000-00a8-ffff-ffff0000002d/attribute/displayed' to command name 'getAttribute'
&amp#27;[38;5;32m[AndroidUiautomator2Driver@8c4f]&amp#27;[0m Proxying [GET /element/00000000-0000-00a8-ffff-ffff0000002d/attribute/displayed] to [GET http://127.0.0.1:8200/session/f2a661ed-4107-4490-9918-f8b583caa5fa/element/00000000-0000-00a8-ffff-ffff0000002d/attribute/displayed] with no body
&amp#27;[38;5;32m[AndroidUiautomator2Driver@8c4f]&amp#27;[0m Got response with status 200: {"sessionId":"f2a661ed-4107-4490-9918-f8b583caa5fa","value":"true"}
&amp#27;[38;5;32m[AndroidUiautomator2Driver@8c4f]&amp#27;[0m Responding to client with driver.elementDisplayed() result: true
&amp#27;[38;5;0m[HTTP]&amp#27;[0m &amp#27;[37m<-- GET /session/394c1628-da4c-42d6-874f-fc301c25e633/element/00000000-0000-00a8-ffff-ffff0000002d/displayed &amp#27;[39m&amp#27;[32m200&amp#27;[39m &amp#27;[90m10 ms - 14&amp#27;[39m
&amp#27;[38;5;0m[HTTP]&amp#27;[0m &amp#27;[90m&amp#27;[39m
&amp#27;[38;5;0m[HTTP]&amp#27;[0m &amp#27;[37m-->&amp#27;[39m &amp#27;[37mGET&amp#27;[39m &amp#27;[37m/session/394c1628-da4c-42d6-874f-fc301c25e633/element/00000000-0000-00a8-ffff-ffff0000002d/enabled&amp#27;[39m
&amp#27;[38;5;0m[HTTP]&amp#27;[0m &amp#27;[90m{}&amp#27;[39m
&amp#27;[38;5;32m[AndroidUiautomator2Driver@8c4f]&amp#27;[0m Calling AppiumDriver.elementEnabled() with args: ["00000000-0000-00a8-ffff-ffff0000002d","394c1628-da4c-42d6-874f-fc301c25e633"]
&amp#27;[38;5;32m[AndroidUiautomator2Driver@8c4f]&amp#27;[0m Matched '/element/00000000-0000-00a8-ffff-ffff0000002d/attribute/enabled' to command name 'getAttribute'
&amp#27;[38;5;32m[AndroidUiautomator2Driver@8c4f]&amp#27;[0m Proxying [GET /element/00000000-0000-00a8-ffff-ffff0000002d/attribute/enabled] to [GET http://127.0.0.1:8200/session/f2a661ed-4107-4490-9918-f8b583caa5fa/element/00000000-0000-00a8-ffff-ffff0000002d/attribute/enabled] with no body
&amp#27;[38;5;32m[AndroidUiautomator2Driver@8c4f]&amp#27;[0m Got response with status 200: {"sessionId":"f2a661ed-4107-4490-9918-f8b583caa5fa","value":"true"}
&amp#27;[38;5;32m[AndroidUiautomator2Driver@8c4f]&amp#27;[0m Responding to client with driver.elementEnabled() result: true
&amp#27;[38;5;0m[HTTP]&amp#27;[0m &amp#27;[37m<-- GET /session/394c1628-da4c-42d6-874f-fc301c25e633/element/00000000-0000-00a8-ffff-ffff0000002d/enabled &amp#27;[39m&amp#27;[32m200&amp#27;[39m &amp#27;[90m7 ms - 14&amp#27;[39m
&amp#27;[38;5;0m[HTTP]&amp#27;[0m &amp#27;[90m&amp#27;[39m
&amp#27;[38;5;0m[HTTP]&amp#27;[0m &amp#27;[37m-->&amp#27;[39m &amp#27;[37mPOST&amp#27;[39m &amp#27;[37m/session/394c1628-da4c-42d6-874f-fc301c25e633/element/00000000-0000-00a8-ffff-ffff0000002d/click&amp#27;[39m
&amp#27;[38;5;0m[HTTP]&amp#27;[0m &amp#27;[90m{"id":"00000000-0000-00a8-ffff-ffff0000002d"}&amp#27;[39m
&amp#27;[38;5;32m[AndroidUiautomator2Driver@8c4f]&amp#27;[0m Calling AppiumDriver.click() with args: ["00000000-0000-00a8-ffff-ffff0000002d","394c1628-da4c-42d6-874f-fc301c25e633"]
&amp#27;[38;5;32m[AndroidUiautomator2Driver@8c4f]&amp#27;[0m Matched '/element/00000000-0000-00a8-ffff-ffff0000002d/click' to command name 'click'
&amp#27;[38;5;32m[AndroidUiautomator2Driver@8c4f]&amp#27;[0m Proxying [POST /element/00000000-0000-00a8-ffff-ffff0000002d/click] to [POST http://127.0.0.1:8200/session/f2a661ed-4107-4490-9918-f8b583caa5fa/element/00000000-0000-00a8-ffff-ffff0000002d/click] with body: {"element":"00000000-0000-00a8-ffff-ffff0000002d"}
&amp#27;[38;5;32m[AndroidUiautomator2Driver@8c4f]&amp#27;[0m Got response with status 200: {"sessionId":"f2a661ed-4107-4490-9918-f8b583caa5fa","value":null}
&amp#27;[38;5;32m[AndroidUiautomator2Driver@8c4f]&amp#27;[0m Responding to client with driver.click() result: null
&amp#27;[38;5;0m[HTTP]&amp#27;[0m &amp#27;[37m<-- POST /session/394c1628-da4c-42d6-874f-fc301c25e633/element/00000000-0000-00a8-ffff-ffff0000002d/click &amp#27;[39m&amp#27;[32m200&amp#27;[39m &amp#27;[90m736 ms - 14&amp#27;[39m
&amp#27;[38;5;0m[HTTP]&amp#27;[0m &amp#27;[90m&amp#27;[39m
&amp#27;[38;5;0m[HTTP]&amp#27;[0m &amp#27;[37m-->&amp#27;[39m &amp#27;[37mPOST&amp#27;[39m &amp#27;[37m/session/394c1628-da4c-42d6-874f-fc301c25e633/element&amp#27;[39m
&amp#27;[38;5;0m[HTTP]&amp#27;[0m &amp#27;[90m{"using":"id","value":"com.androidsample.generalstore:id/btnLetsShop"}&amp#27;[39m
&amp#27;[38;5;32m[AndroidUiautomator2Driver@8c4f]&amp#27;[0m Calling AppiumDriver.findElement() with args: ["id","com.androidsample.generalstore:id/btnLetsShop","394c1628-da4c-42d6-874f-fc301c25e633"]
&amp#27;[38;5;32m[AndroidUiautomator2Driver@8c4f]&amp#27;[0m Valid locator strategies for this request: xpath, id, class name, accessibility id, css selector, -android uiautomator
&amp#27;[38;5;32m[AndroidUiautomator2Driver@8c4f]&amp#27;[0m Waiting up to 30000 ms for condition
&amp#27;[38;5;32m[AndroidUiautomator2Driver@8c4f]&amp#27;[0m Matched '/element' to command name 'findElement'
&amp#27;[38;5;32m[AndroidUiautomator2Driver@8c4f]&amp#27;[0m Proxying [POST /element] to [POST http://127.0.0.1:8200/session/f2a661ed-4107-4490-9918-f8b583caa5fa/element] with body: {"strategy":"id","selector":"com.androidsample.generalstore:id/btnLetsShop","context":"","multiple":false}
&amp#27;[38;5;32m[AndroidUiautomator2Driver@8c4f]&amp#27;[0m Got response with status 200: {"sessionId":"f2a661ed-4107-4490-9918-f8b583caa5fa","value":{"ELEMENT":"00000000-0000-00a7-ffff-ffff00000021","element-6066-11e4-a52e-4f735466cecf":"00000000-0000-00a7-ffff-ffff00000021"}}
&amp#27;[38;5;32m[AndroidUiautomator2Driver@8c4f]&amp#27;[0m Responding to client with driver.findElement() result: {"element-6066-11e4-a52e-4f735466cecf":"00000000-0000-00a7-ffff-ffff00000021","ELEMENT":"00000000-0000-00a7-ffff-ffff00000021"}
&amp#27;[38;5;0m[HTTP]&amp#27;[0m &amp#27;[37m<-- POST /session/394c1628-da4c-42d6-874f-fc301c25e633/element &amp#27;[39m&amp#27;[32m200&amp#27;[39m &amp#27;[90m30 ms - 137&amp#27;[39m
&amp#27;[38;5;0m[HTTP]&amp#27;[0m &amp#27;[90m&amp#27;[39m
&amp#27;[38;5;0m[HTTP]&amp#27;[0m &amp#27;[37m-->&amp#27;[39m &amp#27;[37mPOST&amp#27;[39m &amp#27;[37m/session/394c1628-da4c-42d6-874f-fc301c25e633/element/00000000-0000-00a7-ffff-ffff00000021/click&amp#27;[39m
&amp#27;[38;5;0m[HTTP]&amp#27;[0m &amp#27;[90m{"id":"00000000-0000-00a7-ffff-ffff00000021"}&amp#27;[39m
&amp#27;[38;5;32m[AndroidUiautomator2Driver@8c4f]&amp#27;[0m Calling AppiumDriver.click() with args: ["00000000-0000-00a7-ffff-ffff00000021","394c1628-da4c-42d6-874f-fc301c25e633"]
&amp#27;[38;5;32m[AndroidUiautomator2Driver@8c4f]&amp#27;[0m Matched '/element/00000000-0000-00a7-ffff-ffff00000021/click' to command name 'click'
&amp#27;[38;5;32m[AndroidUiautomator2Driver@8c4f]&amp#27;[0m Proxying [POST /element/00000000-0000-00a7-ffff-ffff00000021/click] to [POST http://127.0.0.1:8200/session/f2a661ed-4107-4490-9918-f8b583caa5fa/element/00000000-0000-00a7-ffff-ffff00000021/click] with body: {"element":"00000000-0000-00a7-ffff-ffff00000021"}
&amp#27;[38;5;32m[AndroidUiautomator2Driver@8c4f]&amp#27;[0m Got response with status 200: {"sessionId":"f2a661ed-4107-4490-9918-f8b583caa5fa","value":null}
&amp#27;[38;5;32m[AndroidUiautomator2Driver@8c4f]&amp#27;[0m Responding to client with driver.click() result: null
&amp#27;[38;5;0m[HTTP]&amp#27;[0m &amp#27;[37m<-- POST /session/394c1628-da4c-42d6-874f-fc301c25e633/element/00000000-0000-00a7-ffff-ffff00000021/click &amp#27;[39m&amp#27;[32m200&amp#27;[39m &amp#27;[90m53 ms - 14&amp#27;[39m
&amp#27;[38;5;0m[HTTP]&amp#27;[0m &amp#27;[90m&amp#27;[39m
&amp#27;[38;5;0m[HTTP]&amp#27;[0m &amp#27;[37m-->&amp#27;[39m &amp#27;[37mPOST&amp#27;[39m &amp#27;[37m/session/394c1628-da4c-42d6-874f-fc301c25e633/element&amp#27;[39m
&amp#27;[38;5;0m[HTTP]&amp#27;[0m &amp#27;[90m{"using":"id","value":"com.androidsample.generalstore:id/productAddCart"}&amp#27;[39m
&amp#27;[38;5;32m[AndroidUiautomator2Driver@8c4f]&amp#27;[0m Calling AppiumDriver.findElement() with args: ["id","com.androidsample.generalstore:id/productAddCart","394c1628-da4c-42d6-874f-fc301c25e633"]
&amp#27;[38;5;32m[AndroidUiautomator2Driver@8c4f]&amp#27;[0m Valid locator strategies for this request: xpath, id, class name, accessibility id, css selector, -android uiautomator
&amp#27;[38;5;32m[AndroidUiautomator2Driver@8c4f]&amp#27;[0m Waiting up to 30000 ms for condition
&amp#27;[38;5;32m[AndroidUiautomator2Driver@8c4f]&amp#27;[0m Matched '/element' to command name 'findElement'
&amp#27;[38;5;32m[AndroidUiautomator2Driver@8c4f]&amp#27;[0m Proxying [POST /element] to [POST http://127.0.0.1:8200/session/f2a661ed-4107-4490-9918-f8b583caa5fa/element] with body: {"strategy":"id","selector":"com.androidsample.generalstore:id/productAddCart","context":"","multiple":false}
&amp#27;[38;5;32m[AndroidUiautomator2Driver@8c4f]&amp#27;[0m Got response with status 404: {"sessionId":"f2a661ed-4107-4490-9918-f8b583caa5fa","value":{"error":"no such element","message":"An element could not be located on the page using the given search parameters","stacktrace":"io.appium.uiautomator2.common.exceptions.ElementNotFoundException: An element could not be located on the page using the given search parameters\n\tat io.appium.uiautomator2.handler.FindElement.safeHandle(FindElement.java:63)\n\tat io.appium.uiautomator2.handler.request.SafeRequestHandler.handle(SafeRequestHandler.java:59)\n\tat io.appium.uiautomator2.server.AppiumServlet.handleRequest(AppiumServlet.java:259)\n\tat io.appium.uiautomator2.server.AppiumServlet.handleHttpRequest(AppiumServlet.java:253)\n\tat io.appium.uiautomator2.http.ServerHandler.channelRead(ServerHandler.java:77)\n\tat io.netty.channel.AbstractChannelHandlerContext.invokeChannelRead(AbstractChannelHandlerContext.java:366)\n\tat io.netty.channel.AbstractChannelHandlerContext.invokeChannelRead(AbstractChannelHandlerContext.java:352)\n\tat io.netty.chann...
&amp#27;[38;5;96m[W3C]&amp#27;[0m Matched W3C error code 'no such element' to NoSuchElementError
&amp#27;[38;5;32m[AndroidUiautomator2Driver@8c4f]&amp#27;[0m Waited for 77 ms so far
&amp#27;[38;5;32m[AndroidUiautomator2Driver@8c4f]&amp#27;[0m Matched '/element' to command name 'findElement'
&amp#27;[38;5;32m[AndroidUiautomator2Driver@8c4f]&amp#27;[0m Proxying [POST /element] to [POST http://127.0.0.1:8200/session/f2a661ed-4107-4490-9918-f8b583caa5fa/element] with body: {"strategy":"id","selector":"com.androidsample.generalstore:id/productAddCart","context":"","multiple":false}
&amp#27;[38;5;32m[AndroidUiautomator2Driver@8c4f]&amp#27;[0m Got response with status 200: {"sessionId":"f2a661ed-4107-4490-9918-f8b583caa5fa","value":{"ELEMENT":"00000000-0000-00a9-ffff-ffff00000053","element-6066-11e4-a52e-4f735466cecf":"00000000-0000-00a9-ffff-ffff00000053"}}
&amp#27;[38;5;32m[AndroidUiautomator2Driver@8c4f]&amp#27;[0m Responding to client with driver.findElement() result: {"element-6066-11e4-a52e-4f735466cecf":"00000000-0000-00a9-ffff-ffff00000053","ELEMENT":"00000000-0000-00a9-ffff-ffff00000053"}
&amp#27;[38;5;0m[HTTP]&amp#27;[0m &amp#27;[37m<-- POST /session/394c1628-da4c-42d6-874f-fc301c25e633/element &amp#27;[39m&amp#27;[32m200&amp#27;[39m &amp#27;[90m1403 ms - 137&amp#27;[39m
&amp#27;[38;5;0m[HTTP]&amp#27;[0m &amp#27;[90m&amp#27;[39m
&amp#27;[38;5;0m[HTTP]&amp#27;[0m &amp#27;[37m-->&amp#27;[39m &amp#27;[37mGET&amp#27;[39m &amp#27;[37m/session/394c1628-da4c-42d6-874f-fc301c25e633/element/00000000-0000-00a9-ffff-ffff00000053/displayed&amp#27;[39m
&amp#27;[38;5;0m[HTTP]&amp#27;[0m &amp#27;[90m{}&amp#27;[39m
&amp#27;[38;5;32m[AndroidUiautomator2Driver@8c4f]&amp#27;[0m Calling AppiumDriver.elementDisplayed() with args: ["00000000-0000-00a9-ffff-ffff00000053","394c1628-da4c-42d6-874f-fc301c25e633"]
&amp#27;[38;5;32m[AndroidUiautomator2Driver@8c4f]&amp#27;[0m Matched '/element/00000000-0000-00a9-ffff-ffff00000053/attribute/displayed' to command name 'getAttribute'
&amp#27;[38;5;32m[AndroidUiautomator2Driver@8c4f]&amp#27;[0m Proxying [GET /element/00000000-0000-00a9-ffff-ffff00000053/attribute/displayed] to [GET http://127.0.0.1:8200/session/f2a661ed-4107-4490-9918-f8b583caa5fa/element/00000000-0000-00a9-ffff-ffff00000053/attribute/displayed] with no body
&amp#27;[38;5;32m[AndroidUiautomator2Driver@8c4f]&amp#27;[0m Got response with status 200: {"sessionId":"f2a661ed-4107-4490-9918-f8b583caa5fa","value":"true"}
&amp#27;[38;5;32m[AndroidUiautomator2Driver@8c4f]&amp#27;[0m Responding to client with driver.elementDisplayed() result: true
&amp#27;[38;5;0m[HTTP]&amp#27;[0m &amp#27;[37m<-- GET /session/394c1628-da4c-42d6-874f-fc301c25e633/element/00000000-0000-00a9-ffff-ffff00000053/displayed &amp#27;[39m&amp#27;[32m200&amp#27;[39m &amp#27;[90m13 ms - 14&amp#27;[39m
&amp#27;[38;5;0m[HTTP]&amp#27;[0m &amp#27;[90m&amp#27;[39m
&amp#27;[38;5;0m[HTTP]&amp#27;[0m &amp#27;[37m-->&amp#27;[39m &amp#27;[37mPOST&amp#27;[39m &amp#27;[37m/session/394c1628-da4c-42d6-874f-fc301c25e633/elements&amp#27;[39m
&amp#27;[38;5;0m[HTTP]&amp#27;[0m &amp#27;[90m{"using":"id","value":"com.androidsample.generalstore:id/productAddCart"}&amp#27;[39m
&amp#27;[38;5;32m[AndroidUiautomator2Driver@8c4f]&amp#27;[0m Calling AppiumDriver.findElements() with args: ["id","com.androidsample.generalstore:id/productAddCart","394c1628-da4c-42d6-874f-fc301c25e633"]
&amp#27;[38;5;32m[AndroidUiautomator2Driver@8c4f]&amp#27;[0m Valid locator strategies for this request: xpath, id, class name, accessibility id, css selector, -android uiautomator
&amp#27;[38;5;32m[AndroidUiautomator2Driver@8c4f]&amp#27;[0m Waiting up to 30000 ms for condition
&amp#27;[38;5;32m[AndroidUiautomator2Driver@8c4f]&amp#27;[0m Matched '/elements' to command name 'findElements'
&amp#27;[38;5;32m[AndroidUiautomator2Driver@8c4f]&amp#27;[0m Proxying [POST /elements] to [POST http://127.0.0.1:8200/session/f2a661ed-4107-4490-9918-f8b583caa5fa/elements] with body: {"strategy":"id","selector":"com.androidsample.generalstore:id/productAddCart","context":"","multiple":true}
&amp#27;[38;5;32m[AndroidUiautomator2Driver@8c4f]&amp#27;[0m Got response with status 200: {"sessionId":"f2a661ed-4107-4490-9918-f8b583caa5fa","value":[{"ELEMENT":"00000000-0000-00a9-ffff-ffff00000053","element-6066-11e4-a52e-4f735466cecf":"00000000-0000-00a9-ffff-ffff00000053"},{"ELEMENT":"00000000-0000-00a9-ffff-ffff0000005b","element-6066-11e4-a52e-4f735466cecf":"00000000-0000-00a9-ffff-ffff0000005b"}]}
&amp#27;[38;5;32m[AndroidUiautomator2Driver@8c4f]&amp#27;[0m Responding to client with driver.findElements() result: [{"element-6066-11e4-a52e-4f735466cecf":"00000000-0000-00a9-ffff-ffff00000053","ELEMENT":"00000000-0000-00a9-ffff-ffff00000053"},{"element-6066-11e4-a52e-4f735466cecf":"00000000-0000-00a9-ffff-ffff0000005b","ELEMENT":"00000000-0000-00a9-ffff-ffff0000005b"}]
&amp#27;[38;5;0m[HTTP]&amp#27;[0m &amp#27;[37m<-- POST /session/394c1628-da4c-42d6-874f-fc301c25e633/elements &amp#27;[39m&amp#27;[32m200&amp#27;[39m &amp#27;[90m26 ms - 267&amp#27;[39m
&amp#27;[38;5;0m[HTTP]&amp#27;[0m &amp#27;[90m&amp#27;[39m
&amp#27;[38;5;0m[HTTP]&amp#27;[0m &amp#27;[37m-->&amp#27;[39m &amp#27;[37mPOST&amp#27;[39m &amp#27;[37m/session/394c1628-da4c-42d6-874f-fc301c25e633/element/00000000-0000-00a9-ffff-ffff00000053/click&amp#27;[39m
&amp#27;[38;5;0m[HTTP]&amp#27;[0m &amp#27;[90m{"id":"00000000-0000-00a9-ffff-ffff00000053"}&amp#27;[39m
&amp#27;[38;5;32m[AndroidUiautomator2Driver@8c4f]&amp#27;[0m Calling AppiumDriver.click() with args: ["00000000-0000-00a9-ffff-ffff00000053","394c1628-da4c-42d6-874f-fc301c25e633"]
&amp#27;[38;5;32m[AndroidUiautomator2Driver@8c4f]&amp#27;[0m Matched '/element/00000000-0000-00a9-ffff-ffff00000053/click' to command name 'click'
&amp#27;[38;5;32m[AndroidUiautomator2Driver@8c4f]&amp#27;[0m Proxying [POST /element/00000000-0000-00a9-ffff-ffff00000053/click] to [POST http://127.0.0.1:8200/session/f2a661ed-4107-4490-9918-f8b583caa5fa/element/00000000-0000-00a9-ffff-ffff00000053/click] with body: {"element":"00000000-0000-00a9-ffff-ffff00000053"}
&amp#27;[38;5;32m[AndroidUiautomator2Driver@8c4f]&amp#27;[0m Got response with status 200: {"sessionId":"f2a661ed-4107-4490-9918-f8b583caa5fa","value":null}
&amp#27;[38;5;32m[AndroidUiautomator2Driver@8c4f]&amp#27;[0m Responding to client with driver.click() result: null
&amp#27;[38;5;0m[HTTP]&amp#27;[0m &amp#27;[37m<-- POST /session/394c1628-da4c-42d6-874f-fc301c25e633/element/00000000-0000-00a9-ffff-ffff00000053/click &amp#27;[39m&amp#27;[32m200&amp#27;[39m &amp#27;[90m543 ms - 14&amp#27;[39m
&amp#27;[38;5;0m[HTTP]&amp#27;[0m &amp#27;[90m&amp#27;[39m
&amp#27;[38;5;0m[HTTP]&amp#27;[0m &amp#27;[37m-->&amp#27;[39m &amp#27;[37mPOST&amp#27;[39m &amp#27;[37m/session/394c1628-da4c-42d6-874f-fc301c25e633/elements&amp#27;[39m
&amp#27;[38;5;0m[HTTP]&amp#27;[0m &amp#27;[90m{"using":"id","value":"com.androidsample.generalstore:id/productAddCart"}&amp#27;[39m
&amp#27;[38;5;32m[AndroidUiautomator2Driver@8c4f]&amp#27;[0m Calling AppiumDriver.findElements() with args: ["id","com.androidsample.generalstore:id/productAddCart","394c1628-da4c-42d6-874f-fc301c25e633"]
&amp#27;[38;5;32m[AndroidUiautomator2Driver@8c4f]&amp#27;[0m Valid locator strategies for this request: xpath, id, class name, accessibility id, css selector, -android uiautomator
&amp#27;[38;5;32m[AndroidUiautomator2Driver@8c4f]&amp#27;[0m Waiting up to 30000 ms for condition
&amp#27;[38;5;32m[AndroidUiautomator2Driver@8c4f]&amp#27;[0m Matched '/elements' to command name 'findElements'
&amp#27;[38;5;32m[AndroidUiautomator2Driver@8c4f]&amp#27;[0m Proxying [POST /elements] to [POST http://127.0.0.1:8200/session/f2a661ed-4107-4490-9918-f8b583caa5fa/elements] with body: {"strategy":"id","selector":"com.androidsample.generalstore:id/productAddCart","context":"","multiple":true}
&amp#27;[38;5;32m[AndroidUiautomator2Driver@8c4f]&amp#27;[0m Got response with status 200: {"sessionId":"f2a661ed-4107-4490-9918-f8b583caa5fa","value":[{"ELEMENT":"00000000-0000-00a9-ffff-ffff00000053","element-6066-11e4-a52e-4f735466cecf":"00000000-0000-00a9-ffff-ffff00000053"},{"ELEMENT":"00000000-0000-00a9-ffff-ffff0000005b","element-6066-11e4-a52e-4f735466cecf":"00000000-0000-00a9-ffff-ffff0000005b"}]}
&amp#27;[38;5;32m[AndroidUiautomator2Driver@8c4f]&amp#27;[0m Responding to client with driver.findElements() result: [{"element-6066-11e4-a52e-4f735466cecf":"00000000-0000-00a9-ffff-ffff00000053","ELEMENT":"00000000-0000-00a9-ffff-ffff00000053"},{"element-6066-11e4-a52e-4f735466cecf":"00000000-0000-00a9-ffff-ffff0000005b","ELEMENT":"00000000-0000-00a9-ffff-ffff0000005b"}]
&amp#27;[38;5;0m[HTTP]&amp#27;[0m &amp#27;[37m<-- POST /session/394c1628-da4c-42d6-874f-fc301c25e633/elements &amp#27;[39m&amp#27;[32m200&amp#27;[39m &amp#27;[90m35 ms - 267&amp#27;[39m
&amp#27;[38;5;0m[HTTP]&amp#27;[0m &amp#27;[90m&amp#27;[39m
&amp#27;[38;5;0m[HTTP]&amp#27;[0m &amp#27;[37m-->&amp#27;[39m &amp#27;[37mPOST&amp#27;[39m &amp#27;[37m/session/394c1628-da4c-42d6-874f-fc301c25e633/element/00000000-0000-00a9-ffff-ffff0000005b/click&amp#27;[39m
&amp#27;[38;5;0m[HTTP]&amp#27;[0m &amp#27;[90m{"id":"00000000-0000-00a9-ffff-ffff0000005b"}&amp#27;[39m
&amp#27;[38;5;32m[AndroidUiautomator2Driver@8c4f]&amp#27;[0m Calling AppiumDriver.click() with args: ["00000000-0000-00a9-ffff-ffff0000005b","394c1628-da4c-42d6-874f-fc301c25e633"]
&amp#27;[38;5;32m[AndroidUiautomator2Driver@8c4f]&amp#27;[0m Matched '/element/00000000-0000-00a9-ffff-ffff0000005b/click' to command name 'click'
&amp#27;[38;5;32m[AndroidUiautomator2Driver@8c4f]&amp#27;[0m Proxying [POST /element/00000000-0000-00a9-ffff-ffff0000005b/click] to [POST http://127.0.0.1:8200/session/f2a661ed-4107-4490-9918-f8b583caa5fa/element/00000000-0000-00a9-ffff-ffff0000005b/click] with body: {"element":"00000000-0000-00a9-ffff-ffff0000005b"}
&amp#27;[38;5;32m[AndroidUiautomator2Driver@8c4f]&amp#27;[0m Got response with status 200: {"sessionId":"f2a661ed-4107-4490-9918-f8b583caa5fa","value":null}
&amp#27;[38;5;32m[AndroidUiautomator2Driver@8c4f]&amp#27;[0m Responding to client with driver.click() result: null
&amp#27;[38;5;0m[HTTP]&amp#27;[0m &amp#27;[37m<-- POST /session/394c1628-da4c-42d6-874f-fc301c25e633/element/00000000-0000-00a9-ffff-ffff0000005b/click &amp#27;[39m&amp#27;[32m200&amp#27;[39m &amp#27;[90m50 ms - 14&amp#27;[39m
&amp#27;[38;5;0m[HTTP]&amp#27;[0m &amp#27;[90m&amp#27;[39m
&amp#27;[38;5;0m[HTTP]&amp#27;[0m &amp#27;[37m-->&amp#27;[39m &amp#27;[37mPOST&amp#27;[39m &amp#27;[37m/session/394c1628-da4c-42d6-874f-fc301c25e633/element&amp#27;[39m
&amp#27;[38;5;0m[HTTP]&amp#27;[0m &amp#27;[90m{"using":"id","value":"com.androidsample.generalstore:id/appbar_btn_cart"}&amp#27;[39m
&amp#27;[38;5;32m[AndroidUiautomator2Driver@8c4f]&amp#27;[0m Calling AppiumDriver.findElement() with args: ["id","com.androidsample.generalstore:id/appbar_btn_cart","394c1628-da4c-42d6-874f-fc301c25e633"]
&amp#27;[38;5;32m[AndroidUiautomator2Driver@8c4f]&amp#27;[0m Valid locator strategies for this request: xpath, id, class name, accessibility id, css selector, -android uiautomator
&amp#27;[38;5;32m[AndroidUiautomator2Driver@8c4f]&amp#27;[0m Waiting up to 30000 ms for condition
&amp#27;[38;5;32m[AndroidUiautomator2Driver@8c4f]&amp#27;[0m Matched '/element' to command name 'findElement'
&amp#27;[38;5;32m[AndroidUiautomator2Driver@8c4f]&amp#27;[0m Proxying [POST /element] to [POST http://127.0.0.1:8200/session/f2a661ed-4107-4490-9918-f8b583caa5fa/element] with body: {"strategy":"id","selector":"com.androidsample.generalstore:id/appbar_btn_cart","context":"","multiple":false}
&amp#27;[38;5;32m[AndroidUiautomator2Driver@8c4f]&amp#27;[0m Got response with status 200: {"sessionId":"f2a661ed-4107-4490-9918-f8b583caa5fa","value":{"ELEMENT":"00000000-0000-00a9-ffff-ffff00000046","element-6066-11e4-a52e-4f735466cecf":"00000000-0000-00a9-ffff-ffff00000046"}}
&amp#27;[38;5;32m[AndroidUiautomator2Driver@8c4f]&amp#27;[0m Responding to client with driver.findElement() result: {"element-6066-11e4-a52e-4f735466cecf":"00000000-0000-00a9-ffff-ffff00000046","ELEMENT":"00000000-0000-00a9-ffff-ffff00000046"}
&amp#27;[38;5;0m[HTTP]&amp#27;[0m &amp#27;[37m<-- POST /session/394c1628-da4c-42d6-874f-fc301c25e633/element &amp#27;[39m&amp#27;[32m200&amp#27;[39m &amp#27;[90m508 ms - 137&amp#27;[39m
&amp#27;[38;5;0m[HTTP]&amp#27;[0m &amp#27;[90m&amp#27;[39m
&amp#27;[38;5;0m[HTTP]&amp#27;[0m &amp#27;[37m-->&amp#27;[39m &amp#27;[37mPOST&amp#27;[39m &amp#27;[37m/session/394c1628-da4c-42d6-874f-fc301c25e633/element/00000000-0000-00a9-ffff-ffff00000046/click&amp#27;[39m
&amp#27;[38;5;0m[HTTP]&amp#27;[0m &amp#27;[90m{"id":"00000000-0000-00a9-ffff-ffff00000046"}&amp#27;[39m
&amp#27;[38;5;32m[AndroidUiautomator2Driver@8c4f]&amp#27;[0m Calling AppiumDriver.click() with args: ["00000000-0000-00a9-ffff-ffff00000046","394c1628-da4c-42d6-874f-fc301c25e633"]
&amp#27;[38;5;32m[AndroidUiautomator2Driver@8c4f]&amp#27;[0m Matched '/element/00000000-0000-00a9-ffff-ffff00000046/click' to command name 'click'
&amp#27;[38;5;32m[AndroidUiautomator2Driver@8c4f]&amp#27;[0m Proxying [POST /element/00000000-0000-00a9-ffff-ffff00000046/click] to [POST http://127.0.0.1:8200/session/f2a661ed-4107-4490-9918-f8b583caa5fa/element/00000000-0000-00a9-ffff-ffff00000046/click] with body: {"element":"00000000-0000-00a9-ffff-ffff00000046"}
&amp#27;[38;5;32m[AndroidUiautomator2Driver@8c4f]&amp#27;[0m Got response with status 200: {"sessionId":"f2a661ed-4107-4490-9918-f8b583caa5fa","value":null}
&amp#27;[38;5;32m[AndroidUiautomator2Driver@8c4f]&amp#27;[0m Responding to client with driver.click() result: null
&amp#27;[38;5;0m[HTTP]&amp#27;[0m &amp#27;[37m<-- POST /session/394c1628-da4c-42d6-874f-fc301c25e633/element/00000000-0000-00a9-ffff-ffff00000046/click &amp#27;[39m&amp#27;[32m200&amp#27;[39m &amp#27;[90m44 ms - 14&amp#27;[39m
&amp#27;[38;5;0m[HTTP]&amp#27;[0m &amp#27;[90m&amp#27;[39m
&amp#27;[38;5;0m[HTTP]&amp#27;[0m &amp#27;[37m-->&amp#27;[39m &amp#27;[37mPOST&amp#27;[39m &amp#27;[37m/session/394c1628-da4c-42d6-874f-fc301c25e633/element&amp#27;[39m
&amp#27;[38;5;0m[HTTP]&amp#27;[0m &amp#27;[90m{"using":"id","value":"com.androidsample.generalstore:id/toolbar_title"}&amp#27;[39m
&amp#27;[38;5;32m[AndroidUiautomator2Driver@8c4f]&amp#27;[0m Calling AppiumDriver.findElement() with args: ["id","com.androidsample.generalstore:id/toolbar_title","394c1628-da4c-42d6-874f-fc301c25e633"]
&amp#27;[38;5;32m[AndroidUiautomator2Driver@8c4f]&amp#27;[0m Valid locator strategies for this request: xpath, id, class name, accessibility id, css selector, -android uiautomator
&amp#27;[38;5;32m[AndroidUiautomator2Driver@8c4f]&amp#27;[0m Waiting up to 30000 ms for condition
&amp#27;[38;5;32m[AndroidUiautomator2Driver@8c4f]&amp#27;[0m Matched '/element' to command name 'findElement'
&amp#27;[38;5;32m[AndroidUiautomator2Driver@8c4f]&amp#27;[0m Proxying [POST /element] to [POST http://127.0.0.1:8200/session/f2a661ed-4107-4490-9918-f8b583caa5fa/element] with body: {"strategy":"id","selector":"com.androidsample.generalstore:id/toolbar_title","context":"","multiple":false}
&amp#27;[38;5;32m[AndroidUiautomator2Driver@8c4f]&amp#27;[0m Got response with status 200: {"sessionId":"f2a661ed-4107-4490-9918-f8b583caa5fa","value":{"ELEMENT":"00000000-0000-00a9-ffff-ffff00000042","element-6066-11e4-a52e-4f735466cecf":"00000000-0000-00a9-ffff-ffff00000042"}}
&amp#27;[38;5;32m[AndroidUiautomator2Driver@8c4f]&amp#27;[0m Responding to client with driver.findElement() result: {"element-6066-11e4-a52e-4f735466cecf":"00000000-0000-00a9-ffff-ffff00000042","ELEMENT":"00000000-0000-00a9-ffff-ffff00000042"}
&amp#27;[38;5;0m[HTTP]&amp#27;[0m &amp#27;[37m<-- POST /session/394c1628-da4c-42d6-874f-fc301c25e633/element &amp#27;[39m&amp#27;[32m200&amp#27;[39m &amp#27;[90m82 ms - 137&amp#27;[39m
&amp#27;[38;5;0m[HTTP]&amp#27;[0m &amp#27;[90m&amp#27;[39m
&amp#27;[38;5;0m[HTTP]&amp#27;[0m &amp#27;[37m-->&amp#27;[39m &amp#27;[37mGET&amp#27;[39m &amp#27;[37m/session/394c1628-da4c-42d6-874f-fc301c25e633/element/00000000-0000-00a9-ffff-ffff00000042/attribute/text&amp#27;[39m
&amp#27;[38;5;0m[HTTP]&amp#27;[0m &amp#27;[90m{}&amp#27;[39m
&amp#27;[38;5;32m[AndroidUiautomator2Driver@8c4f]&amp#27;[0m Calling AppiumDriver.getAttribute() with args: ["text","00000000-0000-00a9-ffff-ffff00000042","394c1628-da4c-42d6-874f-fc301c25e633"]
&amp#27;[38;5;32m[AndroidUiautomator2Driver@8c4f]&amp#27;[0m Matched '/element/00000000-0000-00a9-ffff-ffff00000042/attribute/text' to command name 'getAttribute'
&amp#27;[38;5;32m[AndroidUiautomator2Driver@8c4f]&amp#27;[0m Proxying [GET /element/00000000-0000-00a9-ffff-ffff00000042/attribute/text] to [GET http://127.0.0.1:8200/session/f2a661ed-4107-4490-9918-f8b583caa5fa/element/00000000-0000-00a9-ffff-ffff00000042/attribute/text] with no body
[...]
&amp#27;[38;5;0m[HTTP]&amp#27;[0m &amp#27;[90m{}&amp#27;[39m
&amp#27;[38;5;32m[AndroidUiautomator2Driver@f853]&amp#27;[0m Driver proxy active, passing request on via HTTP proxy
&amp#27;[38;5;32m[AndroidUiautomator2Driver@f853]&amp#27;[0m Matched '/session/b8520aa8-6625-4887-a370-cc04f757d388/element/00000000-0000-00d2-ffff-ffff000000b0/text' to command name 'getText'
&amp#27;[38;5;32m[AndroidUiautomator2Driver@f853]&amp#27;[0m Proxying [GET /session/b8520aa8-6625-4887-a370-cc04f757d388/element/00000000-0000-00d2-ffff-ffff000000b0/text] to [GET http://127.0.0.1:8200/session/3bed2441-a25a-4d54-878d-59aa3e0ac368/element/00000000-0000-00d2-ffff-ffff000000b0/text] with no body
&amp#27;[38;5;32m[AndroidUiautomator2Driver@f853]&amp#27;[0m Got response with status 200: {"sessionId":"3bed2441-a25a-4d54-878d-59aa3e0ac368","value":"$165.0"}
&amp#27;[38;5;32m[AndroidUiautomator2Driver@f853]&amp#27;[0m Replacing sessionId 3bed2441-a25a-4d54-878d-59aa3e0ac368 with b8520aa8-6625-4887-a370-cc04f757d388
&amp#27;[38;5;0m[HTTP]&amp#27;[0m &amp#27;[37m<-- GET /session/b8520aa8-6625-4887-a370-cc04f757d388/element/00000000-0000-00d2-ffff-ffff000000b0/text &amp#27;[39m&amp#27;[32m200&amp#27;[39m &amp#27;[90m8 ms - 69&amp#27;[39m
&amp#27;[38;5;0m[HTTP]&amp#27;[0m &amp#27;[90m&amp#27;[39m
165.0
&amp#27;[38;5;0m[HTTP]&amp#27;[0m &amp#27;[37m-->&amp#27;[39m &amp#27;[37mPOST&amp#27;[39m &amp#27;[37m/session/b8520aa8-6625-4887-a370-cc04f757d388/element&amp#27;[39m
&amp#27;[38;5;0m[HTTP]&amp#27;[0m &amp#27;[90m{"using":"id","value":"com.androidsample.generalstore:id/totalAmountLbl"}&amp#27;[39m
&amp#27;[38;5;32m[AndroidUiautomator2Driver@f853]&amp#27;[0m Calling AppiumDriver.findElement() with args: ["id","com.androidsample.generalstore:id/totalAmountLbl","b8520aa8-6625-4887-a370-cc04f757d388"]
&amp#27;[38;5;32m[AndroidUiautomator2Driver@f853]&amp#27;[0m Valid locator strategies for this request: xpath, id, class name, accessibility id, css selector, -android uiautomator
&amp#27;[38;5;32m[AndroidUiautomator2Driver@f853]&amp#27;[0m Waiting up to 30000 ms for condition
&amp#27;[38;5;32m[AndroidUiautomator2Driver@f853]&amp#27;[0m Matched '/element' to command name 'findElement'
&amp#27;[38;5;32m[AndroidUiautomator2Driver@f853]&amp#27;[0m Proxying [POST /element] to [POST http://127.0.0.1:8200/session/3bed2441-a25a-4d54-878d-59aa3e0ac368/element] with body: {"strategy":"id","selector":"com.androidsample.generalstore:id/totalAmountLbl","context":"","multiple":false}
&amp#27;[38;5;32m[AndroidUiautomator2Driver@f853]&amp#27;[0m Got response with status 200: {"sessionId":"3bed2441-a25a-4d54-878d-59aa3e0ac368","value":{"ELEMENT":"00000000-0000-00d2-ffff-ffff0000009c","element-6066-11e4-a52e-4f735466cecf":"00000000-0000-00d2-ffff-ffff0000009c"}}
&amp#27;[38;5;32m[AndroidUiautomator2Driver@f853]&amp#27;[0m Responding to client with driver.findElement() result: {"element-6066-11e4-a52e-4f735466cecf":"00000000-0000-00d2-ffff-ffff0000009c","ELEMENT":"00000000-0000-00d2-ffff-ffff0000009c"}
&amp#27;[38;5;0m[HTTP]&amp#27;[0m &amp#27;[37m<-- POST /session/b8520aa8-6625-4887-a370-cc04f757d388/element &amp#27;[39m&amp#27;[32m200&amp#27;[39m &amp#27;[90m23 ms - 137&amp#27;[39m
&amp#27;[38;5;0m[HTTP]&amp#27;[0m &amp#27;[90m&amp#27;[39m
&amp#27;[38;5;0m[HTTP]&amp#27;[0m &amp#27;[37m-->&amp#27;[39m &amp#27;[37mGET&amp#27;[39m &amp#27;[37m/session/b8520aa8-6625-4887-a370-cc04f757d388/element/00000000-0000-00d2-ffff-ffff0000009c/text&amp#27;[39m
&amp#27;[38;5;0m[HTTP]&amp#27;[0m &amp#27;[90m{}&amp#27;[39m
&amp#27;[38;5;32m[AndroidUiautomator2Driver@f853]&amp#27;[0m Driver proxy active, passing request on via HTTP proxy
&amp#27;[38;5;32m[AndroidUiautomator2Driver@f853]&amp#27;[0m Matched '/session/b8520aa8-6625-4887-a370-cc04f757d388/element/00000000-0000-00d2-ffff-ffff0000009c/text' to command name 'getText'
&amp#27;[38;5;32m[AndroidUiautomator2Driver@f853]&amp#27;[0m Proxying [GET /session/b8520aa8-6625-4887-a370-cc04f757d388/element/00000000-0000-00d2-ffff-ffff0000009c/text] to [GET http://127.0.0.1:8200/session/3bed2441-a25a-4d54-878d-59aa3e0ac368/element/00000000-0000-00d2-ffff-ffff0000009c/text] with no body
&amp#27;[38;5;32m[AndroidUiautomator2Driver@f853]&amp#27;[0m Got response with status 200: {"sessionId":"3bed2441-a25a-4d54-878d-59aa3e0ac368","value":"$ 335.97"}
&amp#27;[38;5;32m[AndroidUiautomator2Driver@f853]&amp#27;[0m Replacing sessionId 3bed2441-a25a-4d54-878d-59aa3e0ac368 with b8520aa8-6625-4887-a370-cc04f757d388
&amp#27;[38;5;0m[HTTP]&amp#27;[0m &amp#27;[37m<-- GET /session/b8520aa8-6625-4887-a370-cc04f757d388/element/00000000-0000-00d2-ffff-ffff0000009c/text &amp#27;[39m&amp#27;[32m200&amp#27;[39m &amp#27;[90m7 ms - 71&amp#27;[39m
&amp#27;[38;5;0m[HTTP]&amp#27;[0m &amp#27;[90m&amp#27;[39m
 335.97
Calculated Total Price: 335.97
&amp#27;[38;5;0m[HTTP]&amp#27;[0m &amp#27;[37m-->&amp#27;[39m &amp#27;[37mPOST&amp#27;[39m &amp#27;[37m/session/b8520aa8-6625-4887-a370-cc04f757d388/element&amp#27;[39m
&amp#27;[38;5;0m[HTTP]&amp#27;[0m &amp#27;[90m{"using":"id","value":"com.androidsample.generalstore:id/termsButton"}&amp#27;[39m
&amp#27;[38;5;32m[AndroidUiautomator2Driver@f853]&amp#27;[0m Calling AppiumDriver.findElement() with args: ["id","com.androidsample.generalstore:id/termsButton","b8520aa8-6625-4887-a370-cc04f757d388"]
&amp#27;[38;5;32m[AndroidUiautomator2Driver@f853]&amp#27;[0m Valid locator strategies for this request: xpath, id, class name, accessibility id, css selector, -android uiautomator
&amp#27;[38;5;32m[AndroidUiautomator2Driver@f853]&amp#27;[0m Waiting up to 30000 ms for condition
&amp#27;[38;5;32m[AndroidUiautomator2Driver@f853]&amp#27;[0m Matched '/element' to command name 'findElement'
&amp#27;[38;5;32m[AndroidUiautomator2Driver@f853]&amp#27;[0m Proxying [POST /element] to [POST http://127.0.0.1:8200/session/3bed2441-a25a-4d54-878d-59aa3e0ac368/element] with body: {"strategy":"id","selector":"com.androidsample.generalstore:id/termsButton","context":"","multiple":false}
&amp#27;[38;5;32m[AndroidUiautomator2Driver@f853]&amp#27;[0m Got response with status 200: {"sessionId":"3bed2441-a25a-4d54-878d-59aa3e0ac368","value":{"ELEMENT":"00000000-0000-00d2-ffff-ffff0000009f","element-6066-11e4-a52e-4f735466cecf":"00000000-0000-00d2-ffff-ffff0000009f"}}
&amp#27;[38;5;32m[AndroidUiautomator2Driver@f853]&amp#27;[0m Responding to client with driver.findElement() result: {"element-6066-11e4-a52e-4f735466cecf":"00000000-0000-00d2-ffff-ffff0000009f","ELEMENT":"00000000-0000-00d2-ffff-ffff0000009f"}
&amp#27;[38;5;0m[HTTP]&amp#27;[0m &amp#27;[37m<-- POST /session/b8520aa8-6625-4887-a370-cc04f757d388/element &amp#27;[39m&amp#27;[32m200&amp#27;[39m &amp#27;[90m12 ms - 137&amp#27;[39m
&amp#27;[38;5;0m[HTTP]&amp#27;[0m &amp#27;[90m&amp#27;[39m
&amp#27;[38;5;0m[HTTP]&amp#27;[0m &amp#27;[37m-->&amp#27;[39m &amp#27;[37mPOST&amp#27;[39m &amp#27;[37m/session/b8520aa8-6625-4887-a370-cc04f757d388/execute/sync&amp#27;[39m
&amp#27;[38;5;0m[HTTP]&amp#27;[0m &amp#27;[90m{"script":"mobile: longClickGesture","args":[{"elementId":"00000000-0000-00d2-ffff-ffff0000009f","duration":2000}]}&amp#27;[39m
&amp#27;[38;5;32m[AndroidUiautomator2Driver@f853]&amp#27;[0m Calling AppiumDriver.execute() with args: ["mobile: longClickGesture",[{"elementId":"00000000-0000-00d2-ffff-ffff0000009f","duration":2000}],"b8520aa8-6625-4887-a370-cc04f757d388"]
&amp#27;[38;5;32m[AndroidUiautomator2Driver@f853]&amp#27;[0m Executing native command 'mobile: longClickGesture'
&amp#27;[38;5;32m[AndroidUiautomator2Driver@f853]&amp#27;[0m Proxying [POST /appium/gestures/long_click] to [POST http://127.0.0.1:8200/session/3bed2441-a25a-4d54-878d-59aa3e0ac368/appium/gestures/long_click] with body: {"origin":{"ELEMENT":"00000000-0000-00d2-ffff-ffff0000009f","element-6066-11e4-a52e-4f735466cecf":"00000000-0000-00d2-ffff-ffff0000009f"},"duration":2000}
&amp#27;[38;5;32m[AndroidUiautomator2Driver@f853]&amp#27;[0m Got response with status 200: {"sessionId":"3bed2441-a25a-4d54-878d-59aa3e0ac368","value":null}
&amp#27;[38;5;32m[AndroidUiautomator2Driver@f853]&amp#27;[0m Responding to client with driver.execute() result: null
&amp#27;[38;5;0m[HTTP]&amp#27;[0m &amp#27;[37m<-- POST /session/b8520aa8-6625-4887-a370-cc04f757d388/execute/sync &amp#27;[39m&amp#27;[32m200&amp#27;[39m &amp#27;[90m2634 ms - 14&amp#27;[39m
&amp#27;[38;5;0m[HTTP]&amp#27;[0m &amp#27;[90m&amp#27;[39m
&amp#27;[38;5;0m[HTTP]&amp#27;[0m &amp#27;[37m-->&amp#27;[39m &amp#27;[37mPOST&amp#27;[39m &amp#27;[37m/session/b8520aa8-6625-4887-a370-cc04f757d388/element&amp#27;[39m
&amp#27;[38;5;0m[HTTP]&amp#27;[0m &amp#27;[90m{"using":"id","value":"android:id/button1"}&amp#27;[39m
&amp#27;[38;5;32m[AndroidUiautomator2Driver@f853]&amp#27;[0m Calling AppiumDriver.findElement() with args: ["id","android:id/button1","b8520aa8-6625-4887-a370-cc04f757d388"]
&amp#27;[38;5;32m[AndroidUiautomator2Driver@f853]&amp#27;[0m Valid locator strategies for this request: xpath, id, class name, accessibility id, css selector, -android uiautomator
&amp#27;[38;5;32m[AndroidUiautomator2Driver@f853]&amp#27;[0m Waiting up to 30000 ms for condition
&amp#27;[38;5;32m[AndroidUiautomator2Driver@f853]&amp#27;[0m Matched '/element' to command name 'findElement'
&amp#27;[38;5;32m[AndroidUiautomator2Driver@f853]&amp#27;[0m Proxying [POST /element] to [POST http://127.0.0.1:8200/session/3bed2441-a25a-4d54-878d-59aa3e0ac368/element] with body: {"strategy":"id","selector":"android:id/button1","context":"","multiple":false}
&amp#27;[38;5;32m[AndroidUiautomator2Driver@f853]&amp#27;[0m Got response with status 200: {"sessionId":"3bed2441-a25a-4d54-878d-59aa3e0ac368","value":{"ELEMENT":"00000000-0000-00d3-ffff-ffff000000cb","element-6066-11e4-a52e-4f735466cecf":"00000000-0000-00d3-ffff-ffff000000cb"}}
&amp#27;[38;5;32m[AndroidUiautomator2Driver@f853]&amp#27;[0m Responding to client with driver.findElement() result: {"element-6066-11e4-a52e-4f735466cecf":"00000000-0000-00d3-ffff-ffff000000cb","ELEMENT":"00000000-0000-00d3-ffff-ffff000000cb"}
&amp#27;[38;5;0m[HTTP]&amp#27;[0m &amp#27;[37m<-- POST /session/b8520aa8-6625-4887-a370-cc04f757d388/element &amp#27;[39m&amp#27;[32m200&amp#27;[39m &amp#27;[90m28 ms - 137&amp#27;[39m
&amp#27;[38;5;0m[HTTP]&amp#27;[0m &amp#27;[90m&amp#27;[39m
&amp#27;[38;5;0m[HTTP]&amp#27;[0m &amp#27;[37m-->&amp#27;[39m &amp#27;[37mPOST&amp#27;[39m &amp#27;[37m/session/b8520aa8-6625-4887-a370-cc04f757d388/element/00000000-0000-00d3-ffff-ffff000000cb/click&amp#27;[39m
&amp#27;[38;5;0m[HTTP]&amp#27;[0m &amp#27;[90m{"id":"00000000-0000-00d3-ffff-ffff000000cb"}&amp#27;[39m
&amp#27;[38;5;32m[AndroidUiautomator2Driver@f853]&amp#27;[0m Calling AppiumDriver.click() with args: ["00000000-0000-00d3-ffff-ffff000000cb","b8520aa8-6625-4887-a370-cc04f757d388"]
&amp#27;[38;5;32m[AndroidUiautomator2Driver@f853]&amp#27;[0m Matched '/element/00000000-0000-00d3-ffff-ffff000000cb/click' to command name 'click'
&amp#27;[38;5;32m[AndroidUiautomator2Driver@f853]&amp#27;[0m Proxying [POST /element/00000000-0000-00d3-ffff-ffff000000cb/click] to [POST http://127.0.0.1:8200/session/3bed2441-a25a-4d54-878d-59aa3e0ac368/element/00000000-0000-00d3-ffff-ffff000000cb/click] with body: {"element":"00000000-0000-00d3-ffff-ffff000000cb"}
&amp#27;[38;5;32m[AndroidUiautomator2Driver@f853]&amp#27;[0m Got response with status 200: {"sessionId":"3bed2441-a25a-4d54-878d-59aa3e0ac368","value":null}
&amp#27;[38;5;32m[AndroidUiautomator2Driver@f853]&amp#27;[0m Responding to client with driver.click() result: null
&amp#27;[38;5;0m[HTTP]&amp#27;[0m &amp#27;[37m<-- POST /session/b8520aa8-6625-4887-a370-cc04f757d388/element/00000000-0000-00d3-ffff-ffff000000cb/click &amp#27;[39m&amp#27;[32m200&amp#27;[39m &amp#27;[90m55 ms - 14&amp#27;[39m
&amp#27;[38;5;0m[HTTP]&amp#27;[0m &amp#27;[90m&amp#27;[39m
&amp#27;[38;5;0m[HTTP]&amp#27;[0m &amp#27;[37m-->&amp#27;[39m &amp#27;[37mPOST&amp#27;[39m &amp#27;[37m/session/b8520aa8-6625-4887-a370-cc04f757d388/element&amp#27;[39m
&amp#27;[38;5;0m[HTTP]&amp#27;[0m &amp#27;[90m{"using":"id","value":"com.androidsample.generalstore:id/btnProceed"}&amp#27;[39m
&amp#27;[38;5;32m[AndroidUiautomator2Driver@f853]&amp#27;[0m Calling AppiumDriver.findElement() with args: ["id","com.androidsample.generalstore:id/btnProceed","b8520aa8-6625-4887-a370-cc04f757d388"]
&amp#27;[38;5;32m[AndroidUiautomator2Driver@f853]&amp#27;[0m Valid locator strategies for this request: xpath, id, class name, accessibility id, css selector, -android uiautomator
&amp#27;[38;5;32m[AndroidUiautomator2Driver@f853]&amp#27;[0m Waiting up to 30000 ms for condition
&amp#27;[38;5;32m[AndroidUiautomator2Driver@f853]&amp#27;[0m Matched '/element' to command name 'findElement'
&amp#27;[38;5;32m[AndroidUiautomator2Driver@f853]&amp#27;[0m Proxying [POST /element] to [POST http://127.0.0.1:8200/session/3bed2441-a25a-4d54-878d-59aa3e0ac368/element] with body: {"strategy":"id","selector":"com.androidsample.generalstore:id/btnProceed","context":"","multiple":false}
&amp#27;[38;5;32m[AndroidUiautomator2Driver@f853]&amp#27;[0m Got response with status 200: {"sessionId":"3bed2441-a25a-4d54-878d-59aa3e0ac368","value":{"ELEMENT":"00000000-0000-00d2-ffff-ffff0000009e","element-6066-11e4-a52e-4f735466cecf":"00000000-0000-00d2-ffff-ffff0000009e"}}
&amp#27;[38;5;32m[AndroidUiautomator2Driver@f853]&amp#27;[0m Responding to client with driver.findElement() result: {"element-6066-11e4-a52e-4f735466cecf":"00000000-0000-00d2-ffff-ffff0000009e","ELEMENT":"00000000-0000-00d2-ffff-ffff0000009e"}
&amp#27;[38;5;0m[HTTP]&amp#27;[0m &amp#27;[37m<-- POST /session/b8520aa8-6625-4887-a370-cc04f757d388/element &amp#27;[39m&amp#27;[32m200&amp#27;[39m &amp#27;[90m314 ms - 137&amp#27;[39m
&amp#27;[38;5;0m[HTTP]&amp#27;[0m &amp#27;[90m&amp#27;[39m
&amp#27;[38;5;0m[HTTP]&amp#27;[0m &amp#27;[37m-->&amp#27;[39m &amp#27;[37mGET&amp#27;[39m &amp#27;[37m/session/b8520aa8-6625-4887-a370-cc04f757d388/element/00000000-0000-00d2-ffff-ffff0000009e/displayed&amp#27;[39m
&amp#27;[38;5;0m[HTTP]&amp#27;[0m &amp#27;[90m{}&amp#27;[39m
&amp#27;[38;5;32m[AndroidUiautomator2Driver@f853]&amp#27;[0m Calling AppiumDriver.elementDisplayed() with args: ["00000000-0000-00d2-ffff-ffff0000009e","b8520aa8-6625-4887-a370-cc04f757d388"]
&amp#27;[38;5;32m[AndroidUiautomator2Driver@f853]&amp#27;[0m Matched '/element/00000000-0000-00d2-ffff-ffff0000009e/attribute/displayed' to command name 'getAttribute'
&amp#27;[38;5;32m[AndroidUiautomator2Driver@f853]&amp#27;[0m Proxying [GET /element/00000000-0000-00d2-ffff-ffff0000009e/attribute/displayed] to [GET http://127.0.0.1:8200/session/3bed2441-a25a-4d54-878d-59aa3e0ac368/element/00000000-0000-00d2-ffff-ffff0000009e/attribute/displayed] with no body
&amp#27;[38;5;32m[AndroidUiautomator2Driver@f853]&amp#27;[0m Got response with status 200: {"sessionId":"3bed2441-a25a-4d54-878d-59aa3e0ac368","value":"true"}
&amp#27;[38;5;32m[AndroidUiautomator2Driver@f853]&amp#27;[0m Responding to client with driver.elementDisplayed() result: true
&amp#27;[38;5;0m[HTTP]&amp#27;[0m &amp#27;[37m<-- GET /session/b8520aa8-6625-4887-a370-cc04f757d388/element/00000000-0000-00d2-ffff-ffff0000009e/displayed &amp#27;[39m&amp#27;[32m200&amp#27;[39m &amp#27;[90m284 ms - 14&amp#27;[39m
&amp#27;[38;5;0m[HTTP]&amp#27;[0m &amp#27;[90m&amp#27;[39m
&amp#27;[38;5;0m[HTTP]&amp#27;[0m &amp#27;[37m-->&amp#27;[39m &amp#27;[37mPOST&amp#27;[39m &amp#27;[37m/session/b8520aa8-6625-4887-a370-cc04f757d388/element/00000000-0000-00d2-ffff-ffff0000009e/click&amp#27;[39m
&amp#27;[38;5;0m[HTTP]&amp#27;[0m &amp#27;[90m{"id":"00000000-0000-00d2-ffff-ffff0000009e"}&amp#27;[39m
&amp#27;[38;5;32m[AndroidUiautomator2Driver@f853]&amp#27;[0m Calling AppiumDriver.click() with args: ["00000000-0000-00d2-ffff-ffff0000009e","b8520aa8-6625-4887-a370-cc04f757d388"]
&amp#27;[38;5;32m[AndroidUiautomator2Driver@f853]&amp#27;[0m Matched '/element/00000000-0000-00d2-ffff-ffff0000009e/click' to command name 'click'
&amp#27;[38;5;32m[AndroidUiautomator2Driver@f853]&amp#27;[0m Proxying [POST /element/00000000-0000-00d2-ffff-ffff0000009e/click] to [POST http://127.0.0.1:8200/session/3bed2441-a25a-4d54-878d-59aa3e0ac368/element/00000000-0000-00d2-ffff-ffff0000009e/click] with body: {"element":"00000000-0000-00d2-ffff-ffff0000009e"}
&amp#27;[38;5;32m[AndroidUiautomator2Driver@f853]&amp#27;[0m Got response with status 200: {"sessionId":"3bed2441-a25a-4d54-878d-59aa3e0ac368","value":null}
&amp#27;[38;5;32m[AndroidUiautomator2Driver@f853]&amp#27;[0m Responding to client with driver.click() result: null
&amp#27;[38;5;0m[HTTP]&amp#27;[0m &amp#27;[37m<-- POST /session/b8520aa8-6625-4887-a370-cc04f757d388/element/00000000-0000-00d2-ffff-ffff0000009e/click &amp#27;[39m&amp#27;[32m200&amp#27;[39m &amp#27;[90m44 ms - 14&amp#27;[39m
&amp#27;[38;5;0m[HTTP]&amp#27;[0m &amp#27;[90m&amp#27;[39m
&amp#27;[38;5;0m[HTTP]&amp#27;[0m &amp#27;[37m-->&amp#27;[39m &amp#27;[37mGET&amp#27;[39m &amp#27;[37m/session/b8520aa8-6625-4887-a370-cc04f757d388/contexts&amp#27;[39m
&amp#27;[38;5;0m[HTTP]&amp#27;[0m &amp#27;[90m{}&amp#27;[39m
&amp#27;[38;5;32m[AndroidUiautomator2Driver@f853]&amp#27;[0m Calling AppiumDriver.getContexts() with args: ["b8520aa8-6625-4887-a370-cc04f757d388"]
&amp#27;[38;5;32m[AndroidUiautomator2Driver@f853]&amp#27;[0m Getting a list of available webviews
&amp#27;[38;5;48m[ADB]&amp#27;[0m Running '/Users/debasishpruseth/Library/Java/JavaVirtualMachines/openjdk-22.0.1-1/Contents/Home/platform-tools/adb -P 5037 -s emulator-5554 shell cat /proc/net/unix'
&amp#27;[38;5;32m[AndroidUiautomator2Driver@f853]&amp#27;[0m Parsed 1 active devtools socket: ["@webview_devtools_remote_15898"]
&amp#27;[38;5;32m[AndroidUiautomator2Driver@f853]&amp#27;[0m Collecting CDP data of 1 webview
&amp#27;[38;5;32m[AndroidUiautomator2Driver@f853]&amp#27;[0m Forwarding remote port webview_devtools_remote_15898 to a local port in range 10900..11000
&amp#27;[38;5;32m[AndroidUiautomator2Driver@f853]&amp#27;[0m You could use the 'webviewDevtoolsPort' capability to customize the starting port number
&amp#27;[38;5;48m[ADB]&amp#27;[0m Running '/Users/debasishpruseth/Library/Java/JavaVirtualMachines/openjdk-22.0.1-1/Contents/Home/platform-tools/adb -P 5037 -s emulator-5554 forward tcp:10900 localabstract:webview_devtools_remote_15898'
&amp#27;[38;5;48m[ADB]&amp#27;[0m Removing forwarded port socket connection: 10900 
&amp#27;[38;5;48m[ADB]&amp#27;[0m Running '/Users/debasishpruseth/Library/Java/JavaVirtualMachines/openjdk-22.0.1-1/Contents/Home/platform-tools/adb -P 5037 -s emulator-5554 forward --remove tcp:10900'
&amp#27;[38;5;32m[AndroidUiautomator2Driver@f853]&amp#27;[0m CDP data collection completed
&amp#27;[38;5;32m[AndroidUiautomator2Driver@f853]&amp#27;[0m WEBVIEW_15898 mapped to pid 15898
&amp#27;[38;5;32m[AndroidUiautomator2Driver@f853]&amp#27;[0m Getting process name for webview 'WEBVIEW_15898'
&amp#27;[38;5;48m[ADB]&amp#27;[0m Running '/Users/debasishpruseth/Library/Java/JavaVirtualMachines/openjdk-22.0.1-1/Contents/Home/platform-tools/adb -P 5037 -s emulator-5554 shell ps --help'
&amp#27;[38;5;48m[ADB]&amp#27;[0m Running '/Users/debasishpruseth/Library/Java/JavaVirtualMachines/openjdk-22.0.1-1/Contents/Home/platform-tools/adb -P 5037 -s emulator-5554 shell ps -A'
&amp#27;[38;5;32m[AndroidUiautomator2Driver@f853]&amp#27;[0m Got process name: 'com.androidsample.generalstore'
&amp#27;[38;5;32m[AndroidUiautomator2Driver@f853]&amp#27;[0m Found 1 webview: ["WEBVIEW_com.androidsample.generalstore"]
&amp#27;[38;5;32m[AndroidUiautomator2Driver@f853]&amp#27;[0m Available contexts: ["NATIVE_APP","WEBVIEW_com.androidsample.generalstore"]
&amp#27;[38;5;32m[AndroidUiautomator2Driver@f853]&amp#27;[0m Responding to client with driver.getContexts() result: ["NATIVE_APP","WEBVIEW_com.androidsample.generalstore"]
&amp#27;[38;5;0m[HTTP]&amp#27;[0m &amp#27;[37m<-- GET /session/b8520aa8-6625-4887-a370-cc04f757d388/contexts &amp#27;[39m&amp#27;[32m200&amp#27;[39m &amp#27;[90m637 ms - 65&amp#27;[39m
&amp#27;[38;5;0m[HTTP]&amp#27;[0m &amp#27;[90m&amp#27;[39m
NATIVE_APP
WEBVIEW_com.androidsample.generalstore
]]></system-out>
  </testcase>
</testsuite>